Log file open, 10/10/19 17:34:52
LogWindows: Failed to load 'aqProf.dll' (GetLastError=126)
LogWindows: File 'aqProf.dll' does not exist
LogWindows: Failed to load 'VtuneApi.dll' (GetLastError=126)
LogWindows: File 'VtuneApi.dll' does not exist
LogWindows: Failed to load 'VtuneApi32e.dll' (GetLastError=126)
LogWindows: File 'VtuneApi32e.dll' does not exist
LogConsoleResponse: Display: Failed to find resolution value strings in scalability ini. Falling back to default.
LogInit: Display: Running engine for game: Mayday
LogPakFile: Registered encryption key '00000000000000000000000000000000': 0 pak files mounted, 0 remain pending
LogPlatformFile: Not using cached read wrapper
LogTaskGraph: Started task graph with 5 named threads and 23 total threads with 3 sets of task threads.
LogStats: Stats thread started at 0.416250
LogD3D11RHI: Loaded GFSDK_Aftermath_Lib.x64.dll
LogICUInternationalization: ICU TimeZone Detection - Raw Offset: -5:00, Platform Override: ''
LogPluginManager: Mounting plugin Paper2D
LogPluginManager: Mounting plugin AISupport
LogPluginManager: Mounting plugin LightPropagationVolume
LogPluginManager: Mounting plugin ActorLayerUtilities
LogPluginManager: Mounting plugin AnimationSharing
LogPluginManager: Mounting plugin CLionSourceCodeAccess
LogPluginManager: Mounting plugin CodeLiteSourceCodeAccess
LogPluginManager: Mounting plugin GitSourceControl
LogPluginManager: Mounting plugin KDevelopSourceCodeAccess
LogPluginManager: Mounting plugin NullSourceCodeAccess
LogPluginManager: Mounting plugin PerforceSourceControl
LogPluginManager: Mounting plugin SubversionSourceControl
LogPluginManager: Mounting plugin UObjectPlugin
LogPluginManager: Mounting plugin VisualStudioCodeSourceCodeAccess
LogPluginManager: Mounting plugin VisualStudioSourceCodeAccess
LogPluginManager: Mounting plugin XCodeSourceCodeAccess
LogPluginManager: Mounting plugin AssetManagerEditor
LogPluginManager: Mounting plugin CryptoKeys
LogPluginManager: Mounting plugin DataValidation
LogPluginManager: Mounting plugin FacialAnimation
LogPluginManager: Mounting plugin GameplayTagsEditor
LogPluginManager: Mounting plugin MacGraphicsSwitching
LogPluginManager: Mounting plugin MaterialAnalyzer
LogPluginManager: Mounting plugin MobileLauncherProfileWizard
LogPluginManager: Mounting plugin PluginBrowser
LogPluginManager: Mounting plugin SpeedTreeImporter
LogPluginManager: Mounting plugin DatasmithContent
LogPluginManager: Mounting plugin VariantManagerContent
LogPluginManager: Mounting plugin AlembicImporter
LogPluginManager: Mounting plugin AppleImageUtils
LogPluginManager: Mounting plugin AppleVision
LogPluginManager: Mounting plugin BackChannel
LogPluginManager: Mounting plugin CharacterAI
LogPluginManager: Mounting plugin GeometryCache
LogPluginManager: Mounting plugin HTML5Networking
LogPluginManager: Mounting plugin ProxyLODPlugin
LogPluginManager: Mounting plugin SkeletalReduction
LogPluginManager: Mounting plugin MagicLeap
LogPluginManager: Mounting plugin MagicLeapMedia
LogPluginManager: Mounting plugin AndroidMedia
LogPluginManager: Mounting plugin AvfMedia
LogPluginManager: Mounting plugin ImgMedia
LogPluginManager: Mounting plugin LinearTimecode
LogPluginManager: Mounting plugin MediaCompositing
LogPluginManager: Mounting plugin MediaPlayerEditor
LogPluginManager: Mounting plugin WebMMedia
LogPluginManager: Mounting plugin WmfMedia
LogPluginManager: Mounting plugin TcpMessaging
LogPluginManager: Mounting plugin UdpMessaging
LogPluginManager: Mounting plugin ActorSequence
LogPluginManager: Mounting plugin LevelSequenceEditor
LogPluginManager: Mounting plugin MatineeToLevelSequence
LogPluginManager: Mounting plugin NetcodeUnitTest
LogPluginManager: Mounting plugin NUTUnrealEngine4
LogPluginManager: Mounting plugin OnlineSubsystemGooglePlay
LogPluginManager: Mounting plugin OnlineSubsystemIOS
LogPluginManager: Mounting plugin OnlineSubsystem
LogPluginManager: Mounting plugin OnlineSubsystemNull
LogPluginManager: Mounting plugin OnlineSubsystemUtils
LogPluginManager: Mounting plugin LauncherChunkInstaller
LogPluginManager: Mounting plugin AndroidDeviceProfileSelector
LogPluginManager: Mounting plugin AndroidMoviePlayer
LogPluginManager: Mounting plugin AndroidPermission
LogPluginManager: Mounting plugin AppleMoviePlayer
LogPluginManager: Mounting plugin ArchVisCharacter
LogPluginManager: Mounting plugin AudioCapture
LogPluginManager: Mounting plugin CableComponent
LogPluginManager: Mounting plugin CustomMeshComponent
LogPluginManager: Mounting plugin EditableMesh
LogPluginManager: Mounting plugin ExampleDeviceProfileSelector
LogPluginManager: Mounting plugin Firebase
LogPluginManager: Mounting plugin GoogleCloudMessaging
LogPluginManager: Mounting plugin IOSDeviceProfileSelector
LogPluginManager: Mounting plugin LinuxDeviceProfileSelector
LogPluginManager: Mounting plugin LocationServicesBPLibrary
LogPluginManager: Mounting plugin MobilePatchingUtils
LogPluginManager: Mounting plugin OculusVR
LogPluginManager: Mounting plugin PhysXVehicles
LogPluginManager: Mounting plugin ProceduralMeshComponent
LogPluginManager: Mounting plugin RuntimePhysXCooking
LogPluginManager: Mounting plugin SignificanceManager
LogPluginManager: Mounting plugin SteamVR
LogPluginManager: Mounting plugin WebMMoviePlayer
LogPluginManager: Mounting plugin WindowsMoviePlayer
LogInit: Using libcurl 7.55.1-DEV
LogInit:  - built for x86_64-pc-win32
LogInit:  - supports SSL with OpenSSL/1.1.1
LogInit:  - supports HTTP deflate (compression) using libz 1.2.8
LogInit:  - other features:
LogInit:      CURL_VERSION_SSL
LogInit:      CURL_VERSION_LIBZ
LogInit:      CURL_VERSION_IPV6
LogInit:      CURL_VERSION_ASYNCHDNS
LogInit:      CURL_VERSION_LARGEFILE
LogInit:      CURL_VERSION_IDN
LogInit:  CurlRequestOptions (configurable via config and command line):
LogInit:  - bVerifyPeer = true  - Libcurl will verify peer certificate
LogInit:  - bUseHttpProxy = false  - Libcurl will NOT use HTTP proxy
LogInit:  - bDontReuseConnections = false  - Libcurl will reuse connections
LogInit:  - MaxHostConnections = 16  - Libcurl will limit the number of connections to a host
LogInit:  - LocalHostAddr = Default
LogInit:  - BufferSize = 65536
LogInit: WinSock: version 1.1 (2.2), MaxSocks=32767, MaxUdp=65467
LogInit: Build: ++UE4+Release-4.22-CL-7053642
LogInit: Engine Version: 4.22.3-7053642+++UE4+Release-4.22
LogInit: Compatible Engine Version: 4.22.0-5660361+++UE4+Release-4.22
LogInit: Net CL: 5660361
LogInit: OS: Windows 10 (Release 1903) (), CPU: Intel(R) Core(TM) i7-6700HQ CPU @ 2.60GHz, GPU: Intel(R) HD Graphics 530
LogInit: Compiled (64-bit): Jun 18 2019 03:09:11
LogInit: Compiled with Visual C++: 19.16.27025.01
LogInit: Build Configuration: Development
LogInit: Branch Name: ++UE4+Release-4.22
LogInit: Command Line: 
LogInit: Base Directory: D:/Program Files(x86)/Fortnite/UE_4.22/Engine/Binaries/Win64/
LogInit: Installed Engine Build: 1
LogDevObjectVersion: Number of dev versions registered: 23
LogDevObjectVersion:   Dev-Blueprints (B0D832E4-1F89-4F0D-ACCF-7EB736FD4AA2): 10
LogDevObjectVersion:   Dev-Build (E1C64328-A22C-4D53-A36C-8E866417BD8C): 0
LogDevObjectVersion:   Dev-Core (375EC13C-06E4-48FB-B500-84F0262A717E): 3
LogDevObjectVersion:   Dev-Editor (E4B068ED-F494-42E9-A231-DA0B2E46BB41): 30
LogDevObjectVersion:   Dev-Framework (CFFC743F-43B0-4480-9391-14DF171D2073): 35
LogDevObjectVersion:   Dev-Mobile (B02B49B5-BB20-44E9-A304-32B752E40360): 2
LogDevObjectVersion:   Dev-Networking (A4E4105C-59A1-49B5-A7C5-40C4547EDFEE): 0
LogDevObjectVersion:   Dev-Online (39C831C9-5AE6-47DC-9A44-9C173E1C8E7C): 0
LogDevObjectVersion:   Dev-Physics (78F01B33-EBEA-4F98-B9B4-84EACCB95AA2): 0
LogDevObjectVersion:   Dev-Platform (6631380F-2D4D-43E0-8009-CF276956A95A): 0
LogDevObjectVersion:   Dev-Rendering (12F88B9F-8875-4AFC-A67C-D90C383ABD29): 28
LogDevObjectVersion:   Dev-Sequencer (7B5AE74C-D270-4C10-A958-57980B212A5A): 11
LogDevObjectVersion:   Dev-VR (D7296918-1DD6-4BDD-9DE2-64A83CC13884): 2
LogDevObjectVersion:   Dev-LoadTimes (C2A15278-BFE7-4AFE-6C17-90FF531DF755): 1
LogDevObjectVersion:   Private-Geometry (6EACA3D4-40EC-4CC1-B786-8BED09428FC5): 3
LogDevObjectVersion:   Dev-AnimPhys (29E575DD-E0A3-4627-9D10-D276232CDCEA): 17
LogDevObjectVersion:   Dev-Anim (AF43A65D-7FD3-4947-9873-3E8ED9C1BB05): 2
LogDevObjectVersion:   Dev-ReflectionCapture (6B266CEC-1EC7-4B8F-A30B-E4D90942FC07): 1
LogDevObjectVersion:   Dev-Automation (0DF73D61-A23F-47EA-B727-89E90C41499A): 1
LogDevObjectVersion:   FortniteMain (601D1886-AC64-4F84-AA16-D3DE0DEAC7D6): 25
LogDevObjectVersion:   Dev-Enterprise (9DFFBCD6-494F-0158-E221-12823C92A888): 6
LogDevObjectVersion:   Dev-Niagara (F2AED0AC-9AFE-416F-8664-AA7FFA26D6FC): 1
LogDevObjectVersion:   Dev-Destruction (174F1F0B-B4C6-45A5-B13F-2EE8D0FB917D): 2
LogInit: Presizing for max 16777216 objects, including 0 objects not considered by GC, pre-allocating 0 bytes for permanent pool.
LogInit: Object subsystem initialized
LogConfig: Setting CVar [[con.DebugEarlyDefault:1]]
LogConfig: Setting CVar [[r.setres:1280x720]]
[2019.10.10-21.34.55:367][  0]LogConfig: Setting CVar [[r.VSync:0]]
[2019.10.10-21.34.55:367][  0]LogConfig: Setting CVar [[r.RHICmdBypass:0]]
[2019.10.10-21.34.55:395][  0]LogConfig: Applying CVar settings from Section [/Script/Engine.RendererSettings] File [D:/Documents/School/Workshop/Mayday/Mayday/Saved/Config/Windows/Engine.ini]
[2019.10.10-21.34.55:395][  0]LogConfig: Setting CVar [[r.GPUCrashDebugging:0]]
[2019.10.10-21.34.55:395][  0]LogConfig: Setting CVar [[r.DefaultFeature.AutoExposure.ExtendDefaultLuminanceRange:1]]
[2019.10.10-21.34.55:395][  0]LogConfig: Applying CVar settings from Section [/Script/Engine.RendererOverrideSettings] File [D:/Documents/School/Workshop/Mayday/Mayday/Saved/Config/Windows/Engine.ini]
[2019.10.10-21.34.55:395][  0]LogConfig: Applying CVar settings from Section [/Script/Engine.StreamingSettings] File [D:/Documents/School/Workshop/Mayday/Mayday/Saved/Config/Windows/Engine.ini]
[2019.10.10-21.34.55:395][  0]LogConfig: Setting CVar [[s.MinBulkDataSizeForAsyncLoading:131072]]
[2019.10.10-21.34.55:395][  0]LogConfig: Setting CVar [[s.AsyncLoadingThreadEnabled:0]]
[2019.10.10-21.34.55:395][  0]LogConfig: Setting CVar [[s.EventDrivenLoaderEnabled:1]]
[2019.10.10-21.34.55:395][  0]LogConfig: Setting CVar [[s.WarnIfTimeLimitExceeded:0]]
[2019.10.10-21.34.55:395][  0]LogConfig: Setting CVar [[s.TimeLimitExceededMultiplier:1.5]]
[2019.10.10-21.34.55:395][  0]LogConfig: Setting CVar [[s.TimeLimitExceededMinTime:0.005]]
[2019.10.10-21.34.55:396][  0]LogConfig: Setting CVar [[s.UseBackgroundLevelStreaming:1]]
[2019.10.10-21.34.55:396][  0]LogConfig: Setting CVar [[s.PriorityAsyncLoadingExtraTime:15.0]]
[2019.10.10-21.34.55:396][  0]LogConfig: Setting CVar [[s.LevelStreamingActorsUpdateTimeLimit:5.0]]
[2019.10.10-21.34.55:396][  0]LogConfig: Setting CVar [[s.PriorityLevelStreamingActorsUpdateExtraTime:5.0]]
[2019.10.10-21.34.55:396][  0]LogConfig: Setting CVar [[s.LevelStreamingComponentsRegistrationGranularity:10]]
[2019.10.10-21.34.55:396][  0]LogConfig: Setting CVar [[s.UnregisterComponentsTimeLimit:1.0]]
[2019.10.10-21.34.55:396][  0]LogConfig: Setting CVar [[s.LevelStreamingComponentsUnregistrationGranularity:5]]
[2019.10.10-21.34.55:396][  0]LogConfig: Applying CVar settings from Section [/Script/Engine.GarbageCollectionSettings] File [D:/Documents/School/Workshop/Mayday/Mayday/Saved/Config/Windows/Engine.ini]
[2019.10.10-21.34.55:396][  0]LogConfig: Setting CVar [[gc.MaxObjectsNotConsideredByGC:1]]
[2019.10.10-21.34.55:396][  0]LogConfig: Setting CVar [[gc.SizeOfPermanentObjectPool:0]]
[2019.10.10-21.34.55:396][  0]LogConfig: Setting CVar [[gc.FlushStreamingOnGC:0]]
[2019.10.10-21.34.55:396][  0]LogConfig: Setting CVar [[gc.NumRetriesBeforeForcingGC:10]]
[2019.10.10-21.34.55:396][  0]LogConfig: Setting CVar [[gc.AllowParallelGC:1]]
[2019.10.10-21.34.55:396][  0]LogConfig: Setting CVar [[gc.TimeBetweenPurgingPendingKillObjects:61.1]]
[2019.10.10-21.34.55:396][  0]LogConfig: Setting CVar [[gc.MaxObjectsInEditor:16777216]]
[2019.10.10-21.34.55:396][  0]LogConfig: Setting CVar [[gc.IncrementalBeginDestroyEnabled:1]]
[2019.10.10-21.34.55:396][  0]LogConfig: Setting CVar [[gc.CreateGCClusters:1]]
[2019.10.10-21.34.55:396][  0]LogConfig: Setting CVar [[gc.MinGCClusterSize:5]]
[2019.10.10-21.34.55:396][  0]LogConfig: Setting CVar [[gc.ActorClusteringEnabled:0]]
[2019.10.10-21.34.55:396][  0]LogConfig: Setting CVar [[gc.BlueprintClusteringEnabled:0]]
[2019.10.10-21.34.55:396][  0]LogConfig: Setting CVar [[gc.UseDisregardForGCOnDedicatedServers:0]]
[2019.10.10-21.34.55:396][  0]LogConfig: Applying CVar settings from Section [/Script/Engine.NetworkSettings] File [D:/Documents/School/Workshop/Mayday/Mayday/Saved/Config/Windows/Engine.ini]
[2019.10.10-21.34.55:396][  0]LogConfig: Applying CVar settings from Section [/Script/UnrealEd.CookerSettings] File [D:/Documents/School/Workshop/Mayday/Mayday/Saved/Config/Windows/Engine.ini]
[2019.10.10-21.34.55:454][  0]LogConfig: Applying CVar settings from Section [ViewDistanceQuality@3] File [D:/Documents/School/Workshop/Mayday/Mayday/Saved/Config/Windows/Scalability.ini]
[2019.10.10-21.34.55:454][  0]LogConfig: Setting CVar [[r.SkeletalMeshLODBias:0]]
[2019.10.10-21.34.55:454][  0]LogConfig: Setting CVar [[r.ViewDistanceScale:1.0]]
[2019.10.10-21.34.55:454][  0]LogConfig: Applying CVar settings from Section [AntiAliasingQuality@3] File [D:/Documents/School/Workshop/Mayday/Mayday/Saved/Config/Windows/Scalability.ini]
[2019.10.10-21.34.55:454][  0]LogConfig: Setting CVar [[r.PostProcessAAQuality:4]]
[2019.10.10-21.34.55:454][  0]LogConfig: Applying CVar settings from Section [ShadowQuality@3] File [D:/Documents/School/Workshop/Mayday/Mayday/Saved/Config/Windows/Scalability.ini]
[2019.10.10-21.34.55:454][  0]LogConfig: Setting CVar [[r.LightFunctionQuality:1]]
[2019.10.10-21.34.55:454][  0]LogConfig: Setting CVar [[r.ShadowQuality:5]]
[2019.10.10-21.34.55:454][  0]LogConfig: Setting CVar [[r.Shadow.CSM.MaxCascades:10]]
[2019.10.10-21.34.55:454][  0]LogConfig: Setting CVar [[r.Shadow.MaxResolution:2048]]
[2019.10.10-21.34.55:454][  0]LogConfig: Setting CVar [[r.Shadow.MaxCSMResolution:2048]]
[2019.10.10-21.34.55:454][  0]LogConfig: Setting CVar [[r.Shadow.RadiusThreshold:0.01]]
[2019.10.10-21.34.55:454][  0]LogConfig: Setting CVar [[r.Shadow.DistanceScale:1.0]]
[2019.10.10-21.34.55:454][  0]LogConfig: Setting CVar [[r.Shadow.CSM.TransitionScale:1.0]]
[2019.10.10-21.34.55:454][  0]LogConfig: Setting CVar [[r.Shadow.PreShadowResolutionFactor:1.0]]
[2019.10.10-21.34.55:454][  0]LogConfig: Setting CVar [[r.DistanceFieldShadowing:1]]
[2019.10.10-21.34.55:454][  0]LogConfig: Setting CVar [[r.DistanceFieldAO:1]]
[2019.10.10-21.34.55:454][  0]LogConfig: Setting CVar [[r.AOQuality:2]]
[2019.10.10-21.34.55:454][  0]LogConfig: Setting CVar [[r.VolumetricFog:1]]
[2019.10.10-21.34.55:454][  0]LogConfig: Setting CVar [[r.VolumetricFog.GridPixelSize:8]]
[2019.10.10-21.34.55:454][  0]LogConfig: Setting CVar [[r.VolumetricFog.GridSizeZ:128]]
[2019.10.10-21.34.55:454][  0]LogConfig: Setting CVar [[r.VolumetricFog.HistoryMissSupersampleCount:4]]
[2019.10.10-21.34.55:454][  0]LogConfig: Setting CVar [[r.LightMaxDrawDistanceScale:1]]
[2019.10.10-21.34.55:454][  0]LogConfig: Setting CVar [[r.CapsuleShadows:1]]
[2019.10.10-21.34.55:454][  0]LogConfig: Applying CVar settings from Section [PostProcessQuality@3] File [D:/Documents/School/Workshop/Mayday/Mayday/Saved/Config/Windows/Scalability.ini]
[2019.10.10-21.34.55:454][  0]LogConfig: Setting CVar [[r.MotionBlurQuality:4]]
[2019.10.10-21.34.55:454][  0]LogConfig: Setting CVar [[r.AmbientOcclusionMipLevelFactor:0.4]]
[2019.10.10-21.34.55:454][  0]LogConfig: Setting CVar [[r.AmbientOcclusionMaxQuality:100]]
[2019.10.10-21.34.55:454][  0]LogConfig: Setting CVar [[r.AmbientOcclusionLevels:-1]]
[2019.10.10-21.34.55:454][  0]LogConfig: Setting CVar [[r.AmbientOcclusionRadiusScale:1.0]]
[2019.10.10-21.34.55:454][  0]LogConfig: Setting CVar [[r.DepthOfFieldQuality:2]]
[2019.10.10-21.34.55:454][  0]LogConfig: Setting CVar [[r.RenderTargetPoolMin:400]]
[2019.10.10-21.34.55:454][  0]LogConfig: Setting CVar [[r.LensFlareQuality:2]]
[2019.10.10-21.34.55:454][  0]LogConfig: Setting CVar [[r.SceneColorFringeQuality:1]]
[2019.10.10-21.34.55:454][  0]LogConfig: Setting CVar [[r.EyeAdaptationQuality:2]]
[2019.10.10-21.34.55:454][  0]LogConfig: Setting CVar [[r.BloomQuality:5]]
[2019.10.10-21.34.55:455][  0]LogConfig: Setting CVar [[r.FastBlurThreshold:100]]
[2019.10.10-21.34.55:455][  0]LogConfig: Setting CVar [[r.Upscale.Quality:3]]
[2019.10.10-21.34.55:455][  0]LogConfig: Setting CVar [[r.Tonemapper.GrainQuantization:1]]
[2019.10.10-21.34.55:455][  0]LogConfig: Setting CVar [[r.LightShaftQuality:1]]
[2019.10.10-21.34.55:455][  0]LogConfig: Setting CVar [[r.Filter.SizeScale:1]]
[2019.10.10-21.34.55:455][  0]LogConfig: Setting CVar [[r.Tonemapper.Quality:5]]
[2019.10.10-21.34.55:455][  0]LogConfig: Setting CVar [[r.DOF.Gather.AccumulatorQuality:1        ; higher gathering accumulator quality]]
[2019.10.10-21.34.55:455][  0]LogConfig: Setting CVar [[r.DOF.Gather.PostfilterMethod:1          ; Median3x3 postfilering method]]
[2019.10.10-21.34.55:455][  0]LogConfig: Setting CVar [[r.DOF.Gather.EnableBokehSettings:0       ; no bokeh simulation when gathering]]
[2019.10.10-21.34.55:455][  0]LogConfig: Setting CVar [[r.DOF.Gather.RingCount:4                 ; medium number of samples when gathering]]
[2019.10.10-21.34.55:455][  0]LogConfig: Setting CVar [[r.DOF.Scatter.ForegroundCompositing:1    ; additive foreground scattering]]
[2019.10.10-21.34.55:455][  0]LogConfig: Setting CVar [[r.DOF.Scatter.BackgroundCompositing:2    ; additive background scattering]]
[2019.10.10-21.34.55:455][  0]LogConfig: Setting CVar [[r.DOF.Scatter.EnableBokehSettings:1      ; bokeh simulation when scattering]]
[2019.10.10-21.34.55:455][  0]LogConfig: Setting CVar [[r.DOF.Scatter.MaxSpriteRatio:0.1         ; only a maximum of 10% of scattered bokeh]]
[2019.10.10-21.34.55:455][  0]LogConfig: Setting CVar [[r.DOF.Recombine.Quality:1                ; cheap slight out of focus]]
[2019.10.10-21.34.55:455][  0]LogConfig: Setting CVar [[r.DOF.Recombine.EnableBokehSettings:0    ; no bokeh simulation on slight out of focus]]
[2019.10.10-21.34.55:455][  0]LogConfig: Setting CVar [[r.DOF.TemporalAAQuality:1                ; more stable temporal accumulation]]
[2019.10.10-21.34.55:455][  0]LogConfig: Setting CVar [[r.DOF.Kernel.MaxForegroundRadius:0.025]]
[2019.10.10-21.34.55:455][  0]LogConfig: Setting CVar [[r.DOF.Kernel.MaxBackgroundRadius:0.025]]
[2019.10.10-21.34.55:455][  0]LogConfig: Applying CVar settings from Section [TextureQuality@3] File [D:/Documents/School/Workshop/Mayday/Mayday/Saved/Config/Windows/Scalability.ini]
[2019.10.10-21.34.55:455][  0]LogConfig: Setting CVar [[r.Streaming.MipBias:0]]
[2019.10.10-21.34.55:455][  0]LogConfig: Setting CVar [[r.Streaming.AmortizeCPUToGPUCopy:0]]
[2019.10.10-21.34.55:455][  0]LogConfig: Setting CVar [[r.Streaming.MaxNumTexturesToStreamPerFrame:0]]
[2019.10.10-21.34.55:455][  0]LogConfig: Setting CVar [[r.Streaming.Boost:1]]
[2019.10.10-21.34.55:455][  0]LogConfig: Setting CVar [[r.MaxAnisotropy:8]]
[2019.10.10-21.34.55:455][  0]LogConfig: Setting CVar [[r.Streaming.LimitPoolSizeToVRAM:0]]
[2019.10.10-21.34.55:455][  0]LogConfig: Setting CVar [[r.Streaming.PoolSize:1000]]
[2019.10.10-21.34.55:455][  0]LogConfig: Setting CVar [[r.Streaming.MaxEffectiveScreenSize:0]]
[2019.10.10-21.34.55:455][  0]LogConfig: Applying CVar settings from Section [EffectsQuality@3] File [D:/Documents/School/Workshop/Mayday/Mayday/Saved/Config/Windows/Scalability.ini]
[2019.10.10-21.34.55:455][  0]LogConfig: Setting CVar [[r.TranslucencyLightingVolumeDim:64]]
[2019.10.10-21.34.55:455][  0]LogConfig: Setting CVar [[r.RefractionQuality:2]]
[2019.10.10-21.34.55:455][  0]LogConfig: Setting CVar [[r.SSR.Quality:3]]
[2019.10.10-21.34.55:455][  0]LogConfig: Setting CVar [[r.SceneColorFormat:4]]
[2019.10.10-21.34.55:455][  0]LogConfig: Setting CVar [[r.DetailMode:2]]
[2019.10.10-21.34.55:455][  0]LogConfig: Setting CVar [[r.TranslucencyVolumeBlur:1]]
[2019.10.10-21.34.55:455][  0]LogConfig: Setting CVar [[r.MaterialQualityLevel:1 ; High quality]]
[2019.10.10-21.34.55:455][  0]LogConfig: Setting CVar [[r.SSS.Scale:1]]
[2019.10.10-21.34.55:455][  0]LogConfig: Setting CVar [[r.SSS.SampleSet:2]]
[2019.10.10-21.34.55:455][  0]LogConfig: Setting CVar [[r.SSS.Quality:1]]
[2019.10.10-21.34.55:455][  0]LogConfig: Setting CVar [[r.SSS.HalfRes:1]]
[2019.10.10-21.34.55:455][  0]LogConfig: Setting CVar [[r.EmitterSpawnRateScale:1.0]]
[2019.10.10-21.34.55:455][  0]LogConfig: Setting CVar [[r.ParticleLightQuality:2]]
[2019.10.10-21.34.55:455][  0]LogConfig: Applying CVar settings from Section [FoliageQuality@3] File [D:/Documents/School/Workshop/Mayday/Mayday/Saved/Config/Windows/Scalability.ini]
[2019.10.10-21.34.55:455][  0]LogConfig: Setting CVar [[foliage.DensityScale:1.0]]
[2019.10.10-21.34.55:455][  0]LogConfig: Setting CVar [[grass.DensityScale:1.0]]
[2019.10.10-21.34.55:460][  0]LogInit: Selected Device Profile: [Windows]
[2019.10.10-21.34.55:461][  0]LogInit: Applying CVar settings loaded from the selected device profile: [Windows]
[2019.10.10-21.34.55:591][  0]LogHAL: Display: Platform has ~ 12 GB [12754755584 / 17179869184 / 12], which maps to Larger [LargestMinGB=32, LargerMinGB=12, DefaultMinGB=8, SmallerMinGB=6, SmallestMinGB=0)
[2019.10.10-21.34.55:592][  0]LogConfig: Setting CVar [[r.Vulkan.UseRealUBs:0		; Required until we fix HLR fall-out]]
[2019.10.10-21.34.55:592][  0]LogInit: Going up to parent DeviceProfile []
[2019.10.10-21.34.55:592][  0]LogConfig: Applying CVar settings from Section [ViewDistanceQuality@3] File [D:/Documents/School/Workshop/Mayday/Mayday/Saved/Config/Windows/Scalability.ini]
[2019.10.10-21.34.55:592][  0]LogConfig: Setting CVar [[r.SkeletalMeshLODBias:0]]
[2019.10.10-21.34.55:592][  0]LogConfig: Setting CVar [[r.ViewDistanceScale:1.0]]
[2019.10.10-21.34.55:592][  0]LogConfig: Applying CVar settings from Section [AntiAliasingQuality@3] File [D:/Documents/School/Workshop/Mayday/Mayday/Saved/Config/Windows/Scalability.ini]
[2019.10.10-21.34.55:592][  0]LogConfig: Setting CVar [[r.PostProcessAAQuality:4]]
[2019.10.10-21.34.55:592][  0]LogConfig: Applying CVar settings from Section [ShadowQuality@3] File [D:/Documents/School/Workshop/Mayday/Mayday/Saved/Config/Windows/Scalability.ini]
[2019.10.10-21.34.55:592][  0]LogConfig: Setting CVar [[r.LightFunctionQuality:1]]
[2019.10.10-21.34.55:592][  0]LogConfig: Setting CVar [[r.ShadowQuality:5]]
[2019.10.10-21.34.55:592][  0]LogConfig: Setting CVar [[r.Shadow.CSM.MaxCascades:10]]
[2019.10.10-21.34.55:592][  0]LogConfig: Setting CVar [[r.Shadow.MaxResolution:2048]]
[2019.10.10-21.34.55:592][  0]LogConfig: Setting CVar [[r.Shadow.MaxCSMResolution:2048]]
[2019.10.10-21.34.55:592][  0]LogConfig: Setting CVar [[r.Shadow.RadiusThreshold:0.01]]
[2019.10.10-21.34.55:592][  0]LogConfig: Setting CVar [[r.Shadow.DistanceScale:1.0]]
[2019.10.10-21.34.55:592][  0]LogConfig: Setting CVar [[r.Shadow.CSM.TransitionScale:1.0]]
[2019.10.10-21.34.55:592][  0]LogConfig: Setting CVar [[r.Shadow.PreShadowResolutionFactor:1.0]]
[2019.10.10-21.34.55:592][  0]LogConfig: Setting CVar [[r.DistanceFieldShadowing:1]]
[2019.10.10-21.34.55:592][  0]LogConfig: Setting CVar [[r.DistanceFieldAO:1]]
[2019.10.10-21.34.55:592][  0]LogConfig: Setting CVar [[r.AOQuality:2]]
[2019.10.10-21.34.55:592][  0]LogConfig: Setting CVar [[r.VolumetricFog:1]]
[2019.10.10-21.34.55:592][  0]LogConfig: Setting CVar [[r.VolumetricFog.GridPixelSize:8]]
[2019.10.10-21.34.55:592][  0]LogConfig: Setting CVar [[r.VolumetricFog.GridSizeZ:128]]
[2019.10.10-21.34.55:592][  0]LogConfig: Setting CVar [[r.VolumetricFog.HistoryMissSupersampleCount:4]]
[2019.10.10-21.34.55:592][  0]LogConfig: Setting CVar [[r.LightMaxDrawDistanceScale:1]]
[2019.10.10-21.34.55:592][  0]LogConfig: Setting CVar [[r.CapsuleShadows:1]]
[2019.10.10-21.34.55:592][  0]LogConfig: Applying CVar settings from Section [PostProcessQuality@3] File [D:/Documents/School/Workshop/Mayday/Mayday/Saved/Config/Windows/Scalability.ini]
[2019.10.10-21.34.55:593][  0]LogConfig: Setting CVar [[r.MotionBlurQuality:4]]
[2019.10.10-21.34.55:593][  0]LogConfig: Setting CVar [[r.AmbientOcclusionMipLevelFactor:0.4]]
[2019.10.10-21.34.55:593][  0]LogConfig: Setting CVar [[r.AmbientOcclusionMaxQuality:100]]
[2019.10.10-21.34.55:593][  0]LogConfig: Setting CVar [[r.AmbientOcclusionLevels:-1]]
[2019.10.10-21.34.55:593][  0]LogConfig: Setting CVar [[r.AmbientOcclusionRadiusScale:1.0]]
[2019.10.10-21.34.55:593][  0]LogConfig: Setting CVar [[r.DepthOfFieldQuality:2]]
[2019.10.10-21.34.55:593][  0]LogConfig: Setting CVar [[r.RenderTargetPoolMin:400]]
[2019.10.10-21.34.55:593][  0]LogConfig: Setting CVar [[r.LensFlareQuality:2]]
[2019.10.10-21.34.55:593][  0]LogConfig: Setting CVar [[r.SceneColorFringeQuality:1]]
[2019.10.10-21.34.55:593][  0]LogConfig: Setting CVar [[r.EyeAdaptationQuality:2]]
[2019.10.10-21.34.55:593][  0]LogConfig: Setting CVar [[r.BloomQuality:5]]
[2019.10.10-21.34.55:593][  0]LogConfig: Setting CVar [[r.FastBlurThreshold:100]]
[2019.10.10-21.34.55:593][  0]LogConfig: Setting CVar [[r.Upscale.Quality:3]]
[2019.10.10-21.34.55:593][  0]LogConfig: Setting CVar [[r.Tonemapper.GrainQuantization:1]]
[2019.10.10-21.34.55:593][  0]LogConfig: Setting CVar [[r.LightShaftQuality:1]]
[2019.10.10-21.34.55:593][  0]LogConfig: Setting CVar [[r.Filter.SizeScale:1]]
[2019.10.10-21.34.55:593][  0]LogConfig: Setting CVar [[r.Tonemapper.Quality:5]]
[2019.10.10-21.34.55:593][  0]LogConfig: Setting CVar [[r.DOF.Gather.AccumulatorQuality:1        ; higher gathering accumulator quality]]
[2019.10.10-21.34.55:593][  0]LogConfig: Setting CVar [[r.DOF.Gather.PostfilterMethod:1          ; Median3x3 postfilering method]]
[2019.10.10-21.34.55:593][  0]LogConfig: Setting CVar [[r.DOF.Gather.EnableBokehSettings:0       ; no bokeh simulation when gathering]]
[2019.10.10-21.34.55:593][  0]LogConfig: Setting CVar [[r.DOF.Gather.RingCount:4                 ; medium number of samples when gathering]]
[2019.10.10-21.34.55:593][  0]LogConfig: Setting CVar [[r.DOF.Scatter.ForegroundCompositing:1    ; additive foreground scattering]]
[2019.10.10-21.34.55:593][  0]LogConfig: Setting CVar [[r.DOF.Scatter.BackgroundCompositing:2    ; additive background scattering]]
[2019.10.10-21.34.55:593][  0]LogConfig: Setting CVar [[r.DOF.Scatter.EnableBokehSettings:1      ; bokeh simulation when scattering]]
[2019.10.10-21.34.55:593][  0]LogConfig: Setting CVar [[r.DOF.Scatter.MaxSpriteRatio:0.1         ; only a maximum of 10% of scattered bokeh]]
[2019.10.10-21.34.55:593][  0]LogConfig: Setting CVar [[r.DOF.Recombine.Quality:1                ; cheap slight out of focus]]
[2019.10.10-21.34.55:593][  0]LogConfig: Setting CVar [[r.DOF.Recombine.EnableBokehSettings:0    ; no bokeh simulation on slight out of focus]]
[2019.10.10-21.34.55:593][  0]LogConfig: Setting CVar [[r.DOF.TemporalAAQuality:1                ; more stable temporal accumulation]]
[2019.10.10-21.34.55:593][  0]LogConfig: Setting CVar [[r.DOF.Kernel.MaxForegroundRadius:0.025]]
[2019.10.10-21.34.55:593][  0]LogConfig: Setting CVar [[r.DOF.Kernel.MaxBackgroundRadius:0.025]]
[2019.10.10-21.34.55:593][  0]LogConfig: Applying CVar settings from Section [TextureQuality@3] File [D:/Documents/School/Workshop/Mayday/Mayday/Saved/Config/Windows/Scalability.ini]
[2019.10.10-21.34.55:593][  0]LogConfig: Setting CVar [[r.Streaming.MipBias:0]]
[2019.10.10-21.34.55:593][  0]LogConfig: Setting CVar [[r.Streaming.AmortizeCPUToGPUCopy:0]]
[2019.10.10-21.34.55:593][  0]LogConfig: Setting CVar [[r.Streaming.MaxNumTexturesToStreamPerFrame:0]]
[2019.10.10-21.34.55:593][  0]LogConfig: Setting CVar [[r.Streaming.Boost:1]]
[2019.10.10-21.34.55:593][  0]LogConfig: Setting CVar [[r.MaxAnisotropy:8]]
[2019.10.10-21.34.55:593][  0]LogConfig: Setting CVar [[r.Streaming.LimitPoolSizeToVRAM:0]]
[2019.10.10-21.34.55:593][  0]LogConfig: Setting CVar [[r.Streaming.PoolSize:1000]]
[2019.10.10-21.34.55:593][  0]LogConfig: Setting CVar [[r.Streaming.MaxEffectiveScreenSize:0]]
[2019.10.10-21.34.55:593][  0]LogConfig: Applying CVar settings from Section [EffectsQuality@3] File [D:/Documents/School/Workshop/Mayday/Mayday/Saved/Config/Windows/Scalability.ini]
[2019.10.10-21.34.55:593][  0]LogConfig: Setting CVar [[r.TranslucencyLightingVolumeDim:64]]
[2019.10.10-21.34.55:593][  0]LogConfig: Setting CVar [[r.RefractionQuality:2]]
[2019.10.10-21.34.55:593][  0]LogConfig: Setting CVar [[r.SSR.Quality:3]]
[2019.10.10-21.34.55:593][  0]LogConfig: Setting CVar [[r.SceneColorFormat:4]]
[2019.10.10-21.34.55:593][  0]LogConfig: Setting CVar [[r.DetailMode:2]]
[2019.10.10-21.34.55:593][  0]LogConfig: Setting CVar [[r.TranslucencyVolumeBlur:1]]
[2019.10.10-21.34.55:593][  0]LogConfig: Setting CVar [[r.MaterialQualityLevel:1 ; High quality]]
[2019.10.10-21.34.55:593][  0]LogConfig: Setting CVar [[r.SSS.Scale:1]]
[2019.10.10-21.34.55:593][  0]LogConfig: Setting CVar [[r.SSS.SampleSet:2]]
[2019.10.10-21.34.55:593][  0]LogConfig: Setting CVar [[r.SSS.Quality:1]]
[2019.10.10-21.34.55:593][  0]LogConfig: Setting CVar [[r.SSS.HalfRes:1]]
[2019.10.10-21.34.55:593][  0]LogConfig: Setting CVar [[r.EmitterSpawnRateScale:1.0]]
[2019.10.10-21.34.55:593][  0]LogConfig: Setting CVar [[r.ParticleLightQuality:2]]
[2019.10.10-21.34.55:593][  0]LogConfig: Applying CVar settings from Section [FoliageQuality@3] File [D:/Documents/School/Workshop/Mayday/Mayday/Saved/Config/Windows/Scalability.ini]
[2019.10.10-21.34.55:593][  0]LogConfig: Setting CVar [[foliage.DensityScale:1.0]]
[2019.10.10-21.34.55:593][  0]LogConfig: Setting CVar [[grass.DensityScale:1.0]]
[2019.10.10-21.34.55:593][  0]LogConfig: Applying CVar settings from Section [Startup] File [../../../Engine/Config/ConsoleVariables.ini]
[2019.10.10-21.34.55:606][  0]LogConfig: Setting CVar [[net.UseAdaptiveNetUpdateFrequency:0]]
[2019.10.10-21.34.55:606][  0]LogConfig: Setting CVar [[p.chaos.AllowCreatePhysxBodies:1]]
[2019.10.10-21.34.55:606][  0]LogConfig: Applying CVar settings from Section [ConsoleVariables] File [D:/Documents/School/Workshop/Mayday/Mayday/Saved/Config/Windows/Engine.ini]
[2019.10.10-21.34.55:627][  0]LogInit: Computer: MSI
[2019.10.10-21.34.55:627][  0]LogInit: User: Josef
[2019.10.10-21.34.55:627][  0]LogInit: CPU Page size=4096, Cores=4
[2019.10.10-21.34.55:627][  0]LogInit: High frequency timer resolution =10.000000 MHz
[2019.10.10-21.34.55:634][  0]LogMemory: Memory total: Physical=11.9GB (12GB approx)
[2019.10.10-21.34.55:634][  0]LogMemory: Platform Memory Stats for Windows
[2019.10.10-21.34.55:634][  0]LogMemory: Process Physical Memory: 97.07 MB used, 97.08 MB peak
[2019.10.10-21.34.55:634][  0]LogMemory: Process Virtual Memory: 88.89 MB used, 88.89 MB peak
[2019.10.10-21.34.55:634][  0]LogMemory: Physical Memory: 6385.79 MB used,  5778.09 MB free, 12163.88 MB total
[2019.10.10-21.34.55:634][  0]LogMemory: Virtual Memory: 4642.21 MB used,  134213088.00 MB free, 134217728.00 MB total
[2019.10.10-21.34.56:698][  0]LogInit: Using OS detected language (en-US).
[2019.10.10-21.34.56:698][  0]LogInit: Using OS detected locale (en-US).
[2019.10.10-21.34.56:700][  0]LogTextLocalizationManager: No specific localization for 'en-US' exists, so the 'en' localization will be used.
[2019.10.10-21.34.57:429][  0]LogInit: Setting process to per monitor DPI aware
[2019.10.10-21.34.57:912][  0]LogSlate: New Slate User Created.  User Index 0, Is Virtual User: 0
[2019.10.10-21.34.57:912][  0]LogSlate: Slate User Registered.  User Index 0, Is Virtual User: 0
[2019.10.10-21.35.00:925][  0]LogHMD: Failed to initialize OpenVR with code 100
[2019.10.10-21.35.00:925][  0]LogD3D11RHI: D3D11 adapters:
[2019.10.10-21.35.01:032][  0]LogD3D11RHI:    0. 'NVIDIA GeForce GTX 1060' (Feature Level 11_0)
[2019.10.10-21.35.01:032][  0]LogD3D11RHI:       6052/0/6081 MB DedicatedVideo/DedicatedSystem/SharedSystem, Outputs:1, VendorId:0x10de
[2019.10.10-21.35.01:048][  0]LogD3D11RHI:    1. 'Intel(R) HD Graphics 530' (Feature Level 11_0)
[2019.10.10-21.35.01:048][  0]LogD3D11RHI:       128/0/6081 MB DedicatedVideo/DedicatedSystem/SharedSystem, Outputs:0, VendorId:0x8086
[2019.10.10-21.35.01:050][  0]LogD3D11RHI:    2. 'Microsoft Basic Render Driver' (Feature Level 11_0)
[2019.10.10-21.35.01:050][  0]LogD3D11RHI:       0/0/6081 MB DedicatedVideo/DedicatedSystem/SharedSystem, Outputs:0, VendorId:0x1414
[2019.10.10-21.35.01:050][  0]LogD3D11RHI: Chosen D3D11 Adapter: 0
[2019.10.10-21.35.01:098][  0]LogD3D11RHI: Creating new Direct3DDevice
[2019.10.10-21.35.01:099][  0]LogD3D11RHI:     GPU DeviceId: 0x1c20 (for the marketing name, search the web for "GPU Device Id")
[2019.10.10-21.35.01:099][  0]LogWindows: EnumDisplayDevices:
[2019.10.10-21.35.01:099][  0]LogWindows:    0. 'Intel(R) HD Graphics 530' (P:1 D:1)
[2019.10.10-21.35.01:099][  0]LogWindows:    1. 'Intel(R) HD Graphics 530' (P:0 D:0)
[2019.10.10-21.35.01:100][  0]LogWindows:    2. 'Intel(R) HD Graphics 530' (P:0 D:0)
[2019.10.10-21.35.01:100][  0]LogWindows:    3. 'NVIDIA GeForce GTX 1060' (P:0 D:0)
[2019.10.10-21.35.01:100][  0]LogWindows:    4. 'NVIDIA GeForce GTX 1060' (P:0 D:0)
[2019.10.10-21.35.01:101][  0]LogWindows:    5. 'NVIDIA GeForce GTX 1060' (P:0 D:0)
[2019.10.10-21.35.01:101][  0]LogWindows:    6. 'NVIDIA GeForce GTX 1060' (P:0 D:0)
[2019.10.10-21.35.01:101][  0]LogWindows: DebugString: PrimaryIsNotTheChoosenAdapter PrimaryIsNotTheChoosenAdapter PrimaryIsNotTheChoosenAdapter FoundDriverCount:4 
[2019.10.10-21.35.01:101][  0]LogD3D11RHI:     Adapter Name: NVIDIA GeForce GTX 1060
[2019.10.10-21.35.01:101][  0]LogD3D11RHI:   Driver Version: 436.48 (internal:26.21.14.3648, unified:436.48)
[2019.10.10-21.35.01:101][  0]LogD3D11RHI:      Driver Date: 9-26-2019
[2019.10.10-21.35.01:101][  0]LogRHI: Texture pool is 4236 MB (70% of 6052 MB)
[2019.10.10-21.35.01:166][  0]LogD3D11RHI: Async texture creation enabled
[2019.10.10-21.35.01:468][  0]LogRendererCore: FGlobalReadBuffer::InitRHI
[2019.10.10-21.35.01:530][  0]LogRendererCore: FGlobalReadBuffer::InitRHI
[2019.10.10-21.35.01:530][  0]LogRendererCore: FGlobalReadBuffer::InitRHI
[2019.10.10-21.35.01:608][  0]LogD3D11RHI: GPU Timing Frequency: 1000.000000 (Debug: 2 1)
[2019.10.10-21.35.02:434][  0]LogTemp: Display: Module 'AllDesktopTargetPlatform' loaded TargetPlatform 'AllDesktop'
[2019.10.10-21.35.02:473][  0]LogTemp: Display: Module 'MacClientTargetPlatform' loaded TargetPlatform 'MacClient'
[2019.10.10-21.35.02:518][  0]LogTemp: Display: Module 'MacNoEditorTargetPlatform' loaded TargetPlatform 'MacNoEditor'
[2019.10.10-21.35.02:558][  0]LogTemp: Display: Module 'MacServerTargetPlatform' loaded TargetPlatform 'MacServer'
[2019.10.10-21.35.02:609][  0]LogTemp: Display: Module 'MacTargetPlatform' loaded TargetPlatform 'Mac'
[2019.10.10-21.35.02:717][  0]LogTemp: Display: Module 'WindowsClientTargetPlatform' loaded TargetPlatform 'WindowsClient'
[2019.10.10-21.35.02:743][  0]LogTemp: Display: Module 'WindowsNoEditorTargetPlatform' loaded TargetPlatform 'WindowsNoEditor'
[2019.10.10-21.35.02:789][  0]LogTemp: Display: Module 'WindowsServerTargetPlatform' loaded TargetPlatform 'WindowsServer'
[2019.10.10-21.35.02:816][  0]LogTemp: Display: Module 'WindowsTargetPlatform' loaded TargetPlatform 'Windows'
[2019.10.10-21.35.02:996][  0]LogTemp: Display: Module 'AndroidTargetPlatform' loaded TargetPlatform 'Android'
[2019.10.10-21.35.02:996][  0]LogTemp: Display: Module 'AndroidTargetPlatform' loaded TargetPlatform 'Android_ASTC'
[2019.10.10-21.35.02:996][  0]LogTemp: Display: Module 'AndroidTargetPlatform' loaded TargetPlatform 'Android_ATC'
[2019.10.10-21.35.02:996][  0]LogTemp: Display: Module 'AndroidTargetPlatform' loaded TargetPlatform 'Android_DXT'
[2019.10.10-21.35.02:996][  0]LogTemp: Display: Module 'AndroidTargetPlatform' loaded TargetPlatform 'Android_ETC1'
[2019.10.10-21.35.02:996][  0]LogTemp: Display: Module 'AndroidTargetPlatform' loaded TargetPlatform 'Android_ETC1a'
[2019.10.10-21.35.02:996][  0]LogTemp: Display: Module 'AndroidTargetPlatform' loaded TargetPlatform 'Android_ETC2'
[2019.10.10-21.35.02:996][  0]LogTemp: Display: Module 'AndroidTargetPlatform' loaded TargetPlatform 'Android_PVRTC'
[2019.10.10-21.35.02:996][  0]LogTemp: Display: Module 'AndroidTargetPlatform' loaded TargetPlatform 'AndroidClient'
[2019.10.10-21.35.02:996][  0]LogTemp: Display: Module 'AndroidTargetPlatform' loaded TargetPlatform 'Android_ASTCClient'
[2019.10.10-21.35.02:996][  0]LogTemp: Display: Module 'AndroidTargetPlatform' loaded TargetPlatform 'Android_ATCClient'
[2019.10.10-21.35.02:996][  0]LogTemp: Display: Module 'AndroidTargetPlatform' loaded TargetPlatform 'Android_DXTClient'
[2019.10.10-21.35.02:996][  0]LogTemp: Display: Module 'AndroidTargetPlatform' loaded TargetPlatform 'Android_ETC1Client'
[2019.10.10-21.35.02:996][  0]LogTemp: Display: Module 'AndroidTargetPlatform' loaded TargetPlatform 'Android_ETC1aClient'
[2019.10.10-21.35.02:996][  0]LogTemp: Display: Module 'AndroidTargetPlatform' loaded TargetPlatform 'Android_ETC2Client'
[2019.10.10-21.35.02:996][  0]LogTemp: Display: Module 'AndroidTargetPlatform' loaded TargetPlatform 'Android_PVRTCClient'
[2019.10.10-21.35.02:996][  0]LogTemp: Display: Module 'AndroidTargetPlatform' loaded TargetPlatform 'Android_Multi'
[2019.10.10-21.35.02:996][  0]LogTemp: Display: Module 'AndroidTargetPlatform' loaded TargetPlatform 'Android_MultiClient'
[2019.10.10-21.35.03:016][  0]LogTemp: Display: Module 'HTML5TargetPlatform' loaded TargetPlatform 'HTML5'
[2019.10.10-21.35.03:151][  0]LogTemp: Display: Module 'IOSTargetPlatform' loaded TargetPlatform 'IOSClient'
[2019.10.10-21.35.03:151][  0]LogTemp: Display: Module 'IOSTargetPlatform' loaded TargetPlatform 'IOS'
[2019.10.10-21.35.03:246][  0]LogTemp: Display: Module 'TVOSTargetPlatform' loaded TargetPlatform 'TVOSClient'
[2019.10.10-21.35.03:246][  0]LogTemp: Display: Module 'TVOSTargetPlatform' loaded TargetPlatform 'TVOS'
[2019.10.10-21.35.03:296][  0]LogTemp: Display: Module 'LinuxClientTargetPlatform' loaded TargetPlatform 'LinuxClient'
[2019.10.10-21.35.03:340][  0]LogTemp: Display: Module 'LinuxNoEditorTargetPlatform' loaded TargetPlatform 'LinuxNoEditor'
[2019.10.10-21.35.03:369][  0]LogTemp: Display: Module 'LinuxServerTargetPlatform' loaded TargetPlatform 'LinuxServer'
[2019.10.10-21.35.03:463][  0]LogTemp: Display: Module 'LinuxTargetPlatform' loaded TargetPlatform 'Linux'
[2019.10.10-21.35.03:571][  0]LogTemp: Display: Module 'LuminTargetPlatform' loaded TargetPlatform 'Lumin'
[2019.10.10-21.35.03:571][  0]LogTemp: Display: Module 'LuminTargetPlatform' loaded TargetPlatform 'LuminClient'
[2019.10.10-21.35.03:571][  0]LogTargetPlatformManager: Display: Building Assets For Windows
[2019.10.10-21.35.03:787][  0]LogAudioDebug: Display: Lib vorbis DLL was dynamically loaded.
[2019.10.10-21.35.04:503][  0]LogShaderCompilers: Guid format shader working directory is -11 characters bigger than the processId version (../../../../../../Documents/School/Workshop/Mayday/Mayday/Intermediate/Shaders/WorkingDirectory/1224/).
[2019.10.10-21.35.04:503][  0]LogShaderCompilers: Cleaned the shader compiler working directory 'C:/Users/Josef/AppData/Local/Temp/UnrealShaderWorkingDir/3EAE184A4984B44D62D54B9B1992C738/'.
[2019.10.10-21.35.04:510][  0]LogXGEController: Cleaning working directory: C:/Users/Josef/AppData/Local/Temp/UnrealXGEWorkingDir/
[2019.10.10-21.35.04:510][  0]LogXGEController: Cannot use XGE Controller as Incredibuild is not installed on this machine.
[2019.10.10-21.35.04:510][  0]LogShaderCompilers: Cannot use XGE Shader Compiler as Incredibuild is not installed on this machine.
[2019.10.10-21.35.04:510][  0]LogShaderCompilers: Display: Using Local Shader Compiler.
[2019.10.10-21.35.08:973][  0]LogDerivedDataCache: Display: Max Cache Size: 512 MB
[2019.10.10-21.35.09:354][  0]LogDerivedDataCache: Loaded boot cache 0.38s 71MB C:/Users/Josef/AppData/Local/UnrealEngine/4.22/DerivedDataCache/Boot.ddc.
[2019.10.10-21.35.09:354][  0]LogDerivedDataCache: Display: Loaded Boot cache: C:/Users/Josef/AppData/Local/UnrealEngine/4.22/DerivedDataCache/Boot.ddc
[2019.10.10-21.35.09:354][  0]LogDerivedDataCache: FDerivedDataBackendGraph:  Pak pak cache file ../../../../../../Documents/School/Workshop/Mayday/Mayday/DerivedDataCache/DDC.ddp not found, will not use a pak cache.
[2019.10.10-21.35.09:354][  0]LogDerivedDataCache: Unable to find inner node Pak for hierarchical cache Hierarchy.
[2019.10.10-21.35.09:354][  0]LogDerivedDataCache: FDerivedDataBackendGraph:  CompressedPak pak cache file ../../../../../../Documents/School/Workshop/Mayday/Mayday/DerivedDataCache/Compressed.ddp not found, will not use a pak cache.
[2019.10.10-21.35.09:354][  0]LogDerivedDataCache: Unable to find inner node CompressedPak for hierarchical cache Hierarchy.
[2019.10.10-21.35.09:409][  0]LogDerivedDataCache: Display: Pak cache opened for reading ../../../Engine/DerivedDataCache/Compressed.ddp.
[2019.10.10-21.35.09:409][  0]LogDerivedDataCache: FDerivedDataBackendGraph:  EnterprisePak pak cache file ../../../Enterprise/DerivedDataCache/Compressed.ddp not found, will not use a pak cache.
[2019.10.10-21.35.09:409][  0]LogDerivedDataCache: Unable to find inner node EnterprisePak for hierarchical cache Hierarchy.
[2019.10.10-21.35.09:422][  0]LogDerivedDataCache: Using Local data cache path C:/Users/Josef/AppData/Local/UnrealEngine/Common/DerivedDataCache: Writable
[2019.10.10-21.35.09:422][  0]LogDerivedDataCache: Shared data cache path not found in *engine.ini, will not use an Shared cache.
[2019.10.10-21.35.09:422][  0]LogDerivedDataCache: Unable to find inner node Shared for hierarchical cache Hierarchy.
[2019.10.10-21.35.09:570][  0]LogMaterial: Verifying Global Shaders for PCD3D_SM5
[2019.10.10-21.35.09:625][  0]LogSlate: Using FreeType 2.6.0
[2019.10.10-21.35.09:779][  0]LogSlate: SlateFontServices - WITH_FREETYPE: 1, WITH_HARFBUZZ: 1
[2019.10.10-21.35.10:674][  0]LogAssetRegistry: FAssetRegistry took 0.0507 seconds to start up
[2019.10.10-21.35.14:447][  0]LogInit: Selected Device Profile: [Windows]
[2019.10.10-21.35.15:886][  0]LogMeshReduction: Using QuadricMeshReduction for automatic static mesh reduction
[2019.10.10-21.35.15:886][  0]LogMeshReduction: Using SimplygonMeshReduction for automatic skeletal mesh reduction
[2019.10.10-21.35.15:886][  0]LogMeshReduction: Using ProxyLODMeshReduction for automatic mesh merging
[2019.10.10-21.35.15:886][  0]LogMeshReduction: No distributed automatic mesh merging module available
[2019.10.10-21.35.15:892][  0]LogMeshMerging: No distributed automatic mesh merging module available
[2019.10.10-21.35.16:290][  0]LogNetVersion: Mayday 1.0.0, NetCL: 5660361, EngineNetVer: 10, GameNetVer: 0 (Checksum: 1271896697)
[2019.10.10-21.35.21:156][  0]LogAssetRegistry: Error: Failed to open file for write ../../../../../../Documents/School/Workshop/Mayday/Mayday/Intermediate/AssetRegistryCache/2657c409.bin
[2019.10.10-21.35.21:181][  0]LogAssetRegistry: Error: Failed to open file for write ../../../../../../Documents/School/Workshop/Mayday/Mayday/Intermediate/AssetRegistryCache/8c0e1344.bin
[2019.10.10-21.35.21:190][  0]LogAssetRegistry: Error: Failed to open file for write ../../../../../../Documents/School/Workshop/Mayday/Mayday/Intermediate/AssetRegistryCache/c9e91a3f.bin
[2019.10.10-21.35.21:199][  0]LogAssetRegistry: Error: Failed to open file for write ../../../../../../Documents/School/Workshop/Mayday/Mayday/Intermediate/AssetRegistryCache/8e9331e2.bin
[2019.10.10-21.35.21:207][  0]LogAssetRegistry: Error: Failed to open file for write ../../../../../../Documents/School/Workshop/Mayday/Mayday/Intermediate/AssetRegistryCache/f0d5030c.bin
[2019.10.10-21.35.21:212][  0]LogAssetRegistry: Error: Failed to open file for write ../../../../../../Documents/School/Workshop/Mayday/Mayday/Intermediate/AssetRegistryCache/1f683343.bin
[2019.10.10-21.35.21:215][  0]LogPackageLocalizationCache: Processed 10 localized package path(s) for 1 prioritized culture(s) in 0.088247 seconds
[2019.10.10-21.35.21:233][  0]LogUObjectArray: 42205 objects as part of root set at end of initial load.
[2019.10.10-21.35.21:233][  0]LogUObjectAllocator: 7325032 out of 0 bytes used by permanent object pool.
[2019.10.10-21.35.21:233][  0]LogUObjectArray: CloseDisregardForGC: 0/0 objects in disregard for GC pool
[2019.10.10-21.35.37:397][  0]LogTcpMessaging: Initializing TcpMessaging bridge
[2019.10.10-21.35.37:441][  0]LogUdpMessaging: Initializing bridge on interface 0.0.0.0:0 to multicast group 230.0.0.1:6666.
[2019.10.10-21.35.38:283][  0]SourceControl: Source control is disabled
[2019.10.10-21.35.38:295][  0]SourceControl: Source control is disabled
[2019.10.10-21.35.38:372][  0]SourceControl: Source control is disabled
[2019.10.10-21.35.38:433][  0]SourceControl: Source control is disabled
[2019.10.10-21.35.39:794][  0]LogAndroidPermission: UAndroidPermissionCallbackProxy::GetInstance
[2019.10.10-21.35.40:409][  0]LogOcInput: OculusInput pre-init called
[2019.10.10-21.35.42:467][  0]LogEngine: Initializing Engine...
[2019.10.10-21.35.42:562][  0]LogHMD: Failed to initialize OpenVR with code 100
[2019.10.10-21.35.42:577][  0]LogStats: UGameplayTagsManager::InitializeManager -  0.001 s
[2019.10.10-21.35.43:582][  0]LogInit: Initializing FReadOnlyCVARCache
[2019.10.10-21.35.44:137][  0]LogAIModule: Creating AISystem for world Untitled
[2019.10.10-21.35.44:430][  0]LogInit: XAudio2 using 'Speakers (Realtek High Definition Audio)' : 2 channels at 48 kHz using 32 bits per sample (channel mask 0x3)
[2019.10.10-21.35.44:644][  0]LogInit: FAudioDevice initialized.
[2019.10.10-21.35.44:645][  0]LogNetVersion: Set ProjectVersion to 1.0.0.0. Version Checksum will be recalculated on next use.
[2019.10.10-21.35.44:989][  0]LogDerivedDataCache: Saved boot cache 0.34s 71MB C:/Users/Josef/AppData/Local/UnrealEngine/4.22/DerivedDataCache/Boot.ddc.
[2019.10.10-21.35.44:999][  0]LogInit: Texture streaming: Enabled
[2019.10.10-21.35.45:029][  0]LogEngineSessionManager: EngineSessionManager initialized
[2019.10.10-21.35.45:266][  0]LogInit: Transaction tracking system initialized
[2019.10.10-21.35.45:678][  0]BlueprintLog: New page: Editor Load
[2019.10.10-21.35.47:058][  0]LocalizationService: Localization service is disabled
[2019.10.10-21.35.50:265][  0]LogFileCache: Scanning file cache for directory 'D:/Documents/School/Workshop/Mayday/Mayday/Content/' took 0.04s
[2019.10.10-21.35.50:265][  0]LogCook: Display: Max memory allowance for cook 16384mb min free memory 0mb
[2019.10.10-21.35.50:265][  0]LogCook: Display: Mobile HDR setting 1
[2019.10.10-21.35.53:065][  0]SourceControl: Source control is disabled
[2019.10.10-21.35.53:095][  0]Cmd: MAP LOAD FILE="../../../../../../Documents/School/Workshop/Mayday/Mayday/Content/Worlds/PoC/Prototype.umap" TEMPLATE=0 SHOWPROGRESS=1 FEATURELEVEL=3
[2019.10.10-21.35.53:270][  0]LightingResults: New page: Lighting Build
[2019.10.10-21.35.53:375][  0]MapCheck: New page: Map Check
[2019.10.10-21.35.53:375][  0]LightingResults: New page: Lighting Build
[2019.10.10-21.35.53:755][  0]LogUObjectHash: Compacting FUObjectHashTables data took   1.87ms
[2019.10.10-21.35.55:643][  0]LogAIModule: Creating AISystem for world Prototype
[2019.10.10-21.35.56:841][  0]LogEditorServer: Finished looking for orphan Actors (0.000 secs)
[2019.10.10-21.35.56:925][  0]LogUObjectHash: Compacting FUObjectHashTables data took   2.31ms
[2019.10.10-21.35.56:925][  0]Cmd: MAP CHECKDEP NOCLEARLOG
[2019.10.10-21.35.56:946][  0]MapCheck: Map check complete: 0 Error(s), 0 Warning(s), took 0.181ms to complete.
[2019.10.10-21.35.56:946][  0]LogFileHelpers: Loading map 'Prototype' took 3.872
[2019.10.10-21.35.58:265][  0]LogSlate: Updating window title bar state: overlay mode, drag disabled, window buttons hidden, title bar hidden
[2019.10.10-21.35.58:286][  0]LogSlate: Updating window title bar state: overlay mode, drag disabled, window buttons hidden, title bar hidden
[2019.10.10-21.35.58:295][  0]LogSlate: Updating window title bar state: overlay mode, drag disabled, window buttons hidden, title bar hidden
[2019.10.10-21.35.58:303][  0]LogSlate: Updating window title bar state: overlay mode, drag disabled, window buttons hidden, title bar hidden
[2019.10.10-21.35.58:368][  0]LogCollectionManager: Loaded 0 collections in 0.030812 seconds
[2019.10.10-21.35.58:499][  0]LogFileCache: Scanning file cache for directory 'D:/Documents/School/Workshop/Mayday/Mayday/Saved/Collections/' took 0.01s
[2019.10.10-21.35.58:499][  0]LogFileCache: Scanning file cache for directory 'D:/Documents/School/Workshop/Mayday/Mayday/Content/Developers/Josef/Collections/' took 0.00s
[2019.10.10-21.35.58:499][  0]LogFileCache: Scanning file cache for directory 'D:/Documents/School/Workshop/Mayday/Mayday/Content/Collections/' took 0.00s
[2019.10.10-21.35.58:499][  0]LogCollectionManager: Rebuilt the GUID cache for 0 collections in 0.000000 seconds
[2019.10.10-21.35.58:525][  0]LogContentBrowser: Native class hierarchy populated in 0.0258 seconds. Added 2733 classes and 661 folders.
[2019.10.10-21.35.58:600][  0]LogContentBrowser: Native class hierarchy updated for 'WidgetCarousel' in 0.0003 seconds. Added 0 classes and 0 folders.
[2019.10.10-21.35.58:676][  0]LogPakFile: Registered encryption key '00000000000000000000000000000000': 0 pak files mounted, 0 remain pending
[2019.10.10-21.35.58:727][  0]LogPakFile: Registered encryption key '00000000000000000000000000000000': 0 pak files mounted, 0 remain pending
[2019.10.10-21.35.58:759][  0]LogPakFile: Registered encryption key '00000000000000000000000000000000': 0 pak files mounted, 0 remain pending
[2019.10.10-21.35.58:781][  0]LogPakFile: Registered encryption key '00000000000000000000000000000000': 0 pak files mounted, 0 remain pending
[2019.10.10-21.35.58:797][  0]LogPakFile: Registered encryption key '00000000000000000000000000000000': 0 pak files mounted, 0 remain pending
[2019.10.10-21.35.58:848][  0]LogPakFile: Registered encryption key '00000000000000000000000000000000': 0 pak files mounted, 0 remain pending
[2019.10.10-21.35.58:870][  0]LogPakFile: Registered encryption key '00000000000000000000000000000000': 0 pak files mounted, 0 remain pending
[2019.10.10-21.35.58:890][  0]LogPakFile: Registered encryption key '00000000000000000000000000000000': 0 pak files mounted, 0 remain pending
[2019.10.10-21.35.58:901][  0]LogPakFile: Registered encryption key '00000000000000000000000000000000': 0 pak files mounted, 0 remain pending
[2019.10.10-21.35.58:925][  0]LogPakFile: Registered encryption key '00000000000000000000000000000000': 0 pak files mounted, 0 remain pending
[2019.10.10-21.35.58:989][  0]LogPakFile: Registered encryption key '00000000000000000000000000000000': 0 pak files mounted, 0 remain pending
[2019.10.10-21.35.59:011][  0]LogPakFile: Registered encryption key '00000000000000000000000000000000': 0 pak files mounted, 0 remain pending
[2019.10.10-21.35.59:022][  0]LogPakFile: Registered encryption key '00000000000000000000000000000000': 0 pak files mounted, 0 remain pending
[2019.10.10-21.35.59:035][  0]LogPakFile: Registered encryption key '00000000000000000000000000000000': 0 pak files mounted, 0 remain pending
[2019.10.10-21.35.59:049][  0]LogPakFile: Registered encryption key '00000000000000000000000000000000': 0 pak files mounted, 0 remain pending
[2019.10.10-21.35.59:102][  0]LogPakFile: Registered encryption key '00000000000000000000000000000000': 0 pak files mounted, 0 remain pending
[2019.10.10-21.35.59:145][  0]LogPakFile: Registered encryption key '00000000000000000000000000000000': 0 pak files mounted, 0 remain pending
[2019.10.10-21.35.59:161][  0]LogPakFile: Registered encryption key '00000000000000000000000000000000': 0 pak files mounted, 0 remain pending
[2019.10.10-21.35.59:172][  0]LogPakFile: Registered encryption key '00000000000000000000000000000000': 0 pak files mounted, 0 remain pending
[2019.10.10-21.35.59:186][  0]LogPakFile: Registered encryption key '00000000000000000000000000000000': 0 pak files mounted, 0 remain pending
[2019.10.10-21.35.59:247][  0]LogPakFile: Registered encryption key '00000000000000000000000000000000': 0 pak files mounted, 0 remain pending
[2019.10.10-21.35.59:273][  0]LogPakFile: Registered encryption key '00000000000000000000000000000000': 0 pak files mounted, 0 remain pending
[2019.10.10-21.35.59:284][  0]LogPakFile: Registered encryption key '00000000000000000000000000000000': 0 pak files mounted, 0 remain pending
[2019.10.10-21.35.59:301][  0]LogPakFile: Registered encryption key '00000000000000000000000000000000': 0 pak files mounted, 0 remain pending
[2019.10.10-21.35.59:354][  0]LogPakFile: Registered encryption key '00000000000000000000000000000000': 0 pak files mounted, 0 remain pending
[2019.10.10-21.35.59:360][  0]LogPakFile: Registered encryption key '00000000000000000000000000000000': 0 pak files mounted, 0 remain pending
[2019.10.10-21.36.00:008][  0]LogContentBrowser: Native class hierarchy updated for 'AddContentDialog' in 0.0005 seconds. Added 0 classes and 0 folders.
[2019.10.10-21.36.00:092][  0]LogContentBrowser: Native class hierarchy updated for 'SceneOutliner' in 0.0006 seconds. Added 1 classes and 2 folders.
[2019.10.10-21.36.01:009][  0]LogSlate: Took 0.019376 seconds to synchronously load lazily loaded font '../../../Engine/Content/Slate/Fonts/Roboto-Regular.ttf' (155K)
[2019.10.10-21.36.01:023][  0]LogSlate: Took 0.011843 seconds to synchronously load lazily loaded font '../../../Engine/Content/Slate/Fonts/Roboto-Bold.ttf' (160K)
[2019.10.10-21.36.01:072][  0]LogSlate: Took 0.018467 seconds to synchronously load lazily loaded font '../../../Engine/Content/Editor/Slate/Fonts/FontAwesome.ttf' (139K)
[2019.10.10-21.36.01:587][  0]LogRenderer: Reallocating scene render targets to support 1272x664 Format 10 NumSamples 1 (Frame:1).
[2019.10.10-21.36.02:462][  0]LogContentBrowser: Native class hierarchy updated for 'HierarchicalLODOutliner' in 0.0005 seconds. Added 0 classes and 0 folders.
[2019.10.10-21.36.02:462][  0]LogLoad: (Engine Initialization) Total time: 78.62 seconds
[2019.10.10-21.36.02:462][  0]LogLoad: (Engine Initialization) Total Blueprint compile time: 0.00 seconds
[2019.10.10-21.36.02:775][  0]LogContentStreaming: Texture pool size now 1000 MB
[2019.10.10-21.36.02:958][  0]LogSlate: Took 0.038524 seconds to synchronously load lazily loaded font '../../../Engine/Content/Slate/Fonts/Roboto-Light.ttf' (167K)
[2019.10.10-21.36.03:091][  1]LogAssetRegistry: Asset discovery search completed in 52.4537 seconds
[2019.10.10-21.36.03:104][  1]LogCollectionManager: Rebuilt the object cache for 0 collections in 0.000000 seconds (found 0 objects)
[2019.10.10-21.36.03:104][  1]LogCollectionManager: Fixed up redirectors for 0 collections in 0.000092 seconds (updated 0 objects)
[2019.10.10-21.36.04:151][  4]LogSlate: Took 0.000190 seconds to synchronously load lazily loaded font '../../../Engine/Content/Slate/Fonts/Roboto-Light.ttf' (167K)
[2019.10.10-21.46.59:496][962]LogEditorViewport: Clicking Background
[2019.10.10-21.47.00:570][986]LogSlate: FSceneViewport::OnFocusLost() reason 0
[2019.10.10-21.47.00:673][994]LogTemp: Repeating last play command: Selected Viewport
[2019.10.10-21.47.00:691][994]LogBlueprintUserMessages: Early PlayInEditor Detection: Level '/Game/Worlds/PoC/Prototype.Prototype:PersistentLevel' has LevelScriptBlueprint '/Game/Worlds/PoC/Prototype.Prototype:PersistentLevel.Prototype' with GeneratedClass '/Game/Worlds/PoC/Prototype.Prototype_C' with ClassGeneratedBy '/Game/Worlds/PoC/Prototype.Prototype:PersistentLevel.Prototype'
[2019.10.10-21.47.00:691][994]LogPlayLevel: PlayLevel: No blueprints needed recompiling
[2019.10.10-21.47.00:691][994]PIE: New page: PIE session: Prototype (Oct 10, 2019, 1:47:00 PM)
[2019.10.10-21.47.00:703][994]LogPlayLevel: Creating play world package: /Game/Worlds/PoC/UEDPIE_0_Prototype
[2019.10.10-21.47.01:291][994]LogPlayLevel: PIE: StaticDuplicateObject took: (0.586906s)
[2019.10.10-21.47.01:291][994]LogAIModule: Creating AISystem for world Prototype
[2019.10.10-21.47.01:292][994]LogPlayLevel: PIE: World Init took: (0.000738s)
[2019.10.10-21.47.01:292][994]LogPlayLevel: PIE: Created PIE world by copying editor world from /Game/Worlds/PoC/Prototype.Prototype to /Game/Worlds/PoC/UEDPIE_0_Prototype.Prototype (0.588060s)
[2019.10.10-21.47.01:317][994]LogUObjectHash: Compacting FUObjectHashTables data took   1.22ms
[2019.10.10-21.47.01:327][994]LogInit: XAudio2 using 'Speakers (Realtek High Definition Audio)' : 2 channels at 48 kHz using 32 bits per sample (channel mask 0x3)
[2019.10.10-21.47.01:379][994]LogInit: FAudioDevice initialized.
[2019.10.10-21.47.01:428][994]LogLoad: Game class is 'PrototypeGameMode_C'
[2019.10.10-21.47.01:459][994]LogWorld: Bringing World /Game/Worlds/PoC/UEDPIE_0_Prototype.Prototype up for play (max tick rate 0) at 2019.10.10-17.47.01
[2019.10.10-21.47.01:459][994]LogWorld: Bringing up level for play took: 0.029219
[2019.10.10-21.47.01:475][994]LogContentBrowser: Native class hierarchy updated for 'MovieSceneCapture' in 0.0005 seconds. Added 20 classes and 0 folders.
[2019.10.10-21.47.01:476][994]PIE: Play in editor start time for /Game/Worlds/PoC/UEDPIE_0_Prototype 1.638
[2019.10.10-21.47.01:476][994]LogBlueprintUserMessages: Late PlayInEditor Detection: Level '/Game/Worlds/PoC/Prototype.Prototype:PersistentLevel' has LevelScriptBlueprint '/Game/Worlds/PoC/Prototype.Prototype:PersistentLevel.Prototype' with GeneratedClass '/Game/Worlds/PoC/Prototype.Prototype_C' with ClassGeneratedBy '/Game/Worlds/PoC/Prototype.Prototype:PersistentLevel.Prototype'
[2019.10.10-21.47.09:275][184]LogBlueprintUserMessages: Early EndPlayMap Detection: Level '/Game/Worlds/PoC/Prototype.Prototype:PersistentLevel' has LevelScriptBlueprint '/Game/Worlds/PoC/Prototype.Prototype:PersistentLevel.Prototype' with GeneratedClass '/Game/Worlds/PoC/Prototype.Prototype_C' with ClassGeneratedBy '/Game/Worlds/PoC/Prototype.Prototype:PersistentLevel.Prototype'
[2019.10.10-21.47.09:276][184]LogSlate: Updating window title bar state: overlay mode, drag disabled, window buttons hidden, title bar hidden
[2019.10.10-21.47.09:385][184]LogPlayLevel: Display: Shutting down PIE online subsystems
[2019.10.10-21.47.09:385][184]LogBlueprintUserMessages: Late EndPlayMap Detection: Level '/Game/Worlds/PoC/Prototype.Prototype:PersistentLevel' has LevelScriptBlueprint '/Game/Worlds/PoC/Prototype.Prototype:PersistentLevel.Prototype' with GeneratedClass '/Game/Worlds/PoC/Prototype.Prototype_C' with ClassGeneratedBy '/Game/Worlds/PoC/Prototype.Prototype:PersistentLevel.Prototype'
[2019.10.10-21.47.09:413][184]LogSlate: Updating window title bar state: overlay mode, drag disabled, window buttons hidden, title bar hidden
[2019.10.10-21.47.09:423][184]LogUObjectHash: Compacting FUObjectHashTables data took   2.08ms
[2019.10.10-21.47.09:471][185]LogPlayLevel: Display: Destroying online subsystem :Context_2
[2019.10.10-21.47.11:283][225]LogSlate: FSceneViewport::OnFocusLost() reason 2
[2019.10.10-21.47.13:111][265]LogSlate: FSceneViewport::OnFocusLost() reason 2
[2019.10.10-21.47.14:098][265]LogSlate: Only BGRA pngs, bmps or icos are supported in by External Image Picker
[2019.10.10-21.47.29:464][603]LogSlate: Window 'Project Settings' being destroyed
[2019.10.10-21.47.29:510][603]LogSlate: Window 'Project Settings' being destroyed
[2019.10.10-21.47.33:205][685]LogSlate: FSceneViewport::OnFocusLost() reason 0
[2019.10.10-21.47.33:395][688]LogAssetEditorManager: Opening Asset editor for Blueprint /Game/Blueprints/BasicCharacter.BasicCharacter
[2019.10.10-21.47.33:664][688]LogContentBrowser: Native class hierarchy updated for 'BlueprintGraph' in 0.0006 seconds. Added 121 classes and 0 folders.
[2019.10.10-21.47.34:490][688]LogSlate: Took 0.000304 seconds to synchronously load lazily loaded font '../../../Engine/Content/Slate/Fonts/Roboto-BoldCondensed.ttf' (158K)
[2019.10.10-21.47.34:556][689]LogSlate: Took 0.000273 seconds to synchronously load lazily loaded font '../../../Engine/Content/Slate/Fonts/Roboto-Italic.ttf' (157K)
[2019.10.10-21.47.55:856][117]BlueprintLog: New page: Compile BasicCharacter
[2019.10.10-21.47.56:090][117]LogUObjectHash: Compacting FUObjectHashTables data took   3.15ms
[2019.10.10-21.47.56:095][117]LogActorComponent: RegisterComponentWithWorld: (/Game/Worlds/PoC/Prototype.Prototype:PersistentLevel.DESTROYED_BasicCharacter_C_CHILDACTOR_117.CollisionCylinder) Trying to register component with IsPendingKill() == true. Aborting.
[2019.10.10-21.47.56:104][117]LogActorComponent: RegisterComponentWithWorld: (/Game/Worlds/PoC/Prototype.Prototype:PersistentLevel.DESTROYED_BasicCharacter_C_CHILDACTOR_119.CollisionCylinder) Trying to register component with IsPendingKill() == true. Aborting.
[2019.10.10-21.47.56:854][197]Cmd: OBJ SAVEPACKAGE PACKAGE="/Game/Blueprints/BasicCharacter" FILE="../../../../../../Documents/School/Workshop/Mayday/Mayday/Content/Blueprints/BasicCharacter.uasset" SILENT=true
[2019.10.10-21.47.56:888][197]LogSavePackage: Moving '../../../../../../Documents/School/Workshop/Mayday/Mayday/Saved/BasicCharacter49E7972F458C9FF1D639168D5FF76E7B.tmp' to '../../../../../../Documents/School/Workshop/Mayday/Mayday/Content/Blueprints/BasicCharacter.uasset'
[2019.10.10-21.48.03:323][749]LogTemp: Repeating last play command: Selected Viewport
[2019.10.10-21.48.03:353][749]LogBlueprintUserMessages: Early PlayInEditor Detection: Level '/Game/Worlds/PoC/Prototype.Prototype:PersistentLevel' has LevelScriptBlueprint '/Game/Worlds/PoC/Prototype.Prototype:PersistentLevel.Prototype' with GeneratedClass '/Game/Worlds/PoC/Prototype.Prototype_C' with ClassGeneratedBy '/Game/Worlds/PoC/Prototype.Prototype:PersistentLevel.Prototype'
[2019.10.10-21.48.03:353][749]LogPlayLevel: PlayLevel: No blueprints needed recompiling
[2019.10.10-21.48.03:353][749]PIE: New page: PIE session: Prototype (Oct 10, 2019, 1:48:03 PM)
[2019.10.10-21.48.03:353][749]LogPlayLevel: Creating play world package: /Game/Worlds/PoC/UEDPIE_0_Prototype
[2019.10.10-21.48.03:939][749]LogPlayLevel: PIE: StaticDuplicateObject took: (0.584533s)
[2019.10.10-21.48.03:939][749]LogAIModule: Creating AISystem for world Prototype
[2019.10.10-21.48.03:939][749]LogPlayLevel: PIE: World Init took: (0.000676s)
[2019.10.10-21.48.03:940][749]LogPlayLevel: PIE: Created PIE world by copying editor world from /Game/Worlds/PoC/Prototype.Prototype to /Game/Worlds/PoC/UEDPIE_0_Prototype.Prototype (0.585495s)
[2019.10.10-21.48.03:976][749]LogUObjectHash: Compacting FUObjectHashTables data took   2.81ms
[2019.10.10-21.48.03:989][749]LogInit: XAudio2 using 'Speakers (Realtek High Definition Audio)' : 2 channels at 48 kHz using 32 bits per sample (channel mask 0x3)
[2019.10.10-21.48.04:047][749]LogInit: FAudioDevice initialized.
[2019.10.10-21.48.04:075][749]LogLoad: Game class is 'PrototypeGameMode_C'
[2019.10.10-21.48.04:109][749]LogWorld: Bringing World /Game/Worlds/PoC/UEDPIE_0_Prototype.Prototype up for play (max tick rate 0) at 2019.10.10-17.48.04
[2019.10.10-21.48.04:110][749]LogWorld: Bringing up level for play took: 0.032906
[2019.10.10-21.48.04:123][749]PIE: Play in editor start time for /Game/Worlds/PoC/UEDPIE_0_Prototype 0.285
[2019.10.10-21.48.04:123][749]LogBlueprintUserMessages: Late PlayInEditor Detection: Level '/Game/Worlds/PoC/Prototype.Prototype:PersistentLevel' has LevelScriptBlueprint '/Game/Worlds/PoC/Prototype.Prototype:PersistentLevel.Prototype' with GeneratedClass '/Game/Worlds/PoC/Prototype.Prototype_C' with ClassGeneratedBy '/Game/Worlds/PoC/Prototype.Prototype:PersistentLevel.Prototype'
[2019.10.10-21.48.10:382][902]LogBlueprintUserMessages: Early EndPlayMap Detection: Level '/Game/Worlds/PoC/Prototype.Prototype:PersistentLevel' has LevelScriptBlueprint '/Game/Worlds/PoC/Prototype.Prototype:PersistentLevel.Prototype' with GeneratedClass '/Game/Worlds/PoC/Prototype.Prototype_C' with ClassGeneratedBy '/Game/Worlds/PoC/Prototype.Prototype:PersistentLevel.Prototype'
[2019.10.10-21.48.10:382][902]LogSlate: Updating window title bar state: overlay mode, drag disabled, window buttons hidden, title bar hidden
[2019.10.10-21.48.10:461][902]LogPlayLevel: Display: Shutting down PIE online subsystems
[2019.10.10-21.48.10:462][902]LogBlueprintUserMessages: Late EndPlayMap Detection: Level '/Game/Worlds/PoC/Prototype.Prototype:PersistentLevel' has LevelScriptBlueprint '/Game/Worlds/PoC/Prototype.Prototype:PersistentLevel.Prototype' with GeneratedClass '/Game/Worlds/PoC/Prototype.Prototype_C' with ClassGeneratedBy '/Game/Worlds/PoC/Prototype.Prototype:PersistentLevel.Prototype'
[2019.10.10-21.48.10:500][902]LogSlate: Updating window title bar state: overlay mode, drag disabled, window buttons hidden, title bar hidden
[2019.10.10-21.48.10:507][902]LogUObjectHash: Compacting FUObjectHashTables data took   2.21ms
[2019.10.10-21.48.10:524][903]LogPlayLevel: Display: Destroying online subsystem :Context_5
[2019.10.10-21.50.58:669][461]BlueprintLog: New page: Compile BasicCharacter
[2019.10.10-21.50.58:675][461]LogBlueprint: Error: [Compiler BasicCharacter] This blueprint (self) is not a SceneComponent, therefore ' Target ' must have a connection.
[2019.10.10-21.50.58:675][461]LogBlueprint: Error: [Compiler BasicCharacter] This blueprint (self) is not a SceneComponent, therefore ' Target ' must have a connection.
[2019.10.10-21.50.58:888][461]LogUObjectHash: Compacting FUObjectHashTables data took   2.69ms
[2019.10.10-21.50.58:897][461]LogBlueprint: Warning: [Compiler BasicCharacter] [0975.06] Compile of BasicCharacter failed. 2 Fatal Issue(s) 0 Warning(s) [in 227 ms] (/Game/Blueprints/BasicCharacter.BasicCharacter)
[2019.10.10-21.51.16:293][376]BlueprintLog: New page: Compile BasicCharacter
[2019.10.10-21.51.16:521][376]LogUObjectHash: Compacting FUObjectHashTables data took   3.18ms
[2019.10.10-21.51.16:525][376]LogActorComponent: RegisterComponentWithWorld: (/Game/Worlds/PoC/Prototype.Prototype:PersistentLevel.DESTROYED_BasicCharacter_C_CHILDACTOR_123.CollisionCylinder) Trying to register component with IsPendingKill() == true. Aborting.
[2019.10.10-21.51.16:535][376]LogActorComponent: RegisterComponentWithWorld: (/Game/Worlds/PoC/Prototype.Prototype:PersistentLevel.DESTROYED_BasicCharacter_C_CHILDACTOR_125.CollisionCylinder) Trying to register component with IsPendingKill() == true. Aborting.
[2019.10.10-21.51.17:174][438]Cmd: OBJ SAVEPACKAGE PACKAGE="/Game/Blueprints/BasicCharacter" FILE="../../../../../../Documents/School/Workshop/Mayday/Mayday/Content/Blueprints/BasicCharacter.uasset" SILENT=true
[2019.10.10-21.51.17:233][438]LogSavePackage: Moving '../../../../../../Documents/School/Workshop/Mayday/Mayday/Saved/BasicCharacter872AEF20486EB591CE0E7C8994E686F0.tmp' to '../../../../../../Documents/School/Workshop/Mayday/Mayday/Content/Blueprints/BasicCharacter.uasset'
[2019.10.10-21.51.20:923][807]LogBlueprintUserMessages: Early PlayInEditor Detection: Level '/Game/Worlds/PoC/Prototype.Prototype:PersistentLevel' has LevelScriptBlueprint '/Game/Worlds/PoC/Prototype.Prototype:PersistentLevel.Prototype' with GeneratedClass '/Game/Worlds/PoC/Prototype.Prototype_C' with ClassGeneratedBy '/Game/Worlds/PoC/Prototype.Prototype:PersistentLevel.Prototype'
[2019.10.10-21.51.20:923][807]LogPlayLevel: PlayLevel: No blueprints needed recompiling
[2019.10.10-21.51.20:923][807]PIE: New page: PIE session: Prototype (Oct 10, 2019, 1:51:20 PM)
[2019.10.10-21.51.20:923][807]LogPlayLevel: Creating play world package: /Game/Worlds/PoC/UEDPIE_0_Prototype
[2019.10.10-21.51.21:519][807]LogPlayLevel: PIE: StaticDuplicateObject took: (0.596172s)
[2019.10.10-21.51.21:520][807]LogAIModule: Creating AISystem for world Prototype
[2019.10.10-21.51.21:520][807]LogPlayLevel: PIE: World Init took: (0.001066s)
[2019.10.10-21.51.21:520][807]LogPlayLevel: PIE: Created PIE world by copying editor world from /Game/Worlds/PoC/Prototype.Prototype to /Game/Worlds/PoC/UEDPIE_0_Prototype.Prototype (0.597494s)
[2019.10.10-21.51.21:550][807]LogUObjectHash: Compacting FUObjectHashTables data took   2.96ms
[2019.10.10-21.51.21:562][807]LogInit: XAudio2 using 'Speakers (Realtek High Definition Audio)' : 2 channels at 48 kHz using 32 bits per sample (channel mask 0x3)
[2019.10.10-21.51.21:622][807]LogInit: FAudioDevice initialized.
[2019.10.10-21.51.21:634][807]LogSlate: Updating window title bar state: overlay mode, drag disabled, window buttons hidden, title bar hidden
[2019.10.10-21.51.21:714][807]LogLoad: Game class is 'PrototypeGameMode_C'
[2019.10.10-21.51.21:744][807]LogWorld: Bringing World /Game/Worlds/PoC/UEDPIE_0_Prototype.Prototype up for play (max tick rate 0) at 2019.10.10-17.51.21
[2019.10.10-21.51.21:744][807]LogWorld: Bringing up level for play took: 0.028701
[2019.10.10-21.51.21:757][807]LogGameMode: FindPlayerStart: PATHS NOT DEFINED or NO PLAYERSTART with positive rating
[2019.10.10-21.51.21:760][807]PIE: Play in editor start time for /Game/Worlds/PoC/UEDPIE_0_Prototype -0.079
[2019.10.10-21.51.21:760][807]LogBlueprintUserMessages: Late PlayInEditor Detection: Level '/Game/Worlds/PoC/Prototype.Prototype:PersistentLevel' has LevelScriptBlueprint '/Game/Worlds/PoC/Prototype.Prototype:PersistentLevel.Prototype' with GeneratedClass '/Game/Worlds/PoC/Prototype.Prototype_C' with ClassGeneratedBy '/Game/Worlds/PoC/Prototype.Prototype:PersistentLevel.Prototype'
[2019.10.10-21.51.22:725][809]LogRenderer: Reallocating scene render targets to support 1272x688 Format 10 NumSamples 1 (Frame:1).
[2019.10.10-21.51.27:147][923]LogBlueprintUserMessages: Early EndPlayMap Detection: Level '/Game/Worlds/PoC/Prototype.Prototype:PersistentLevel' has LevelScriptBlueprint '/Game/Worlds/PoC/Prototype.Prototype:PersistentLevel.Prototype' with GeneratedClass '/Game/Worlds/PoC/Prototype.Prototype_C' with ClassGeneratedBy '/Game/Worlds/PoC/Prototype.Prototype:PersistentLevel.Prototype'
[2019.10.10-21.51.27:147][923]LogSlate: Updating window title bar state: overlay mode, drag disabled, window buttons hidden, title bar hidden
[2019.10.10-21.51.27:167][923]LogSlate: Window 'Mayday Game Preview Standalone (64-bit/PCD3D_SM5)' being destroyed
[2019.10.10-21.51.27:271][923]LogPlayLevel: Display: Shutting down PIE online subsystems
[2019.10.10-21.51.27:272][923]LogBlueprintUserMessages: Late EndPlayMap Detection: Level '/Game/Worlds/PoC/Prototype.Prototype:PersistentLevel' has LevelScriptBlueprint '/Game/Worlds/PoC/Prototype.Prototype:PersistentLevel.Prototype' with GeneratedClass '/Game/Worlds/PoC/Prototype.Prototype_C' with ClassGeneratedBy '/Game/Worlds/PoC/Prototype.Prototype:PersistentLevel.Prototype'
[2019.10.10-21.51.27:319][923]LogUObjectHash: Compacting FUObjectHashTables data took   3.30ms
[2019.10.10-21.51.27:371][924]LogPlayLevel: Display: Destroying online subsystem :Context_6
[2019.10.10-21.51.48:480][314]BlueprintLog: New page: Compile BasicCharacter
[2019.10.10-21.51.48:706][314]LogUObjectHash: Compacting FUObjectHashTables data took   2.93ms
[2019.10.10-21.51.48:709][314]LogActorComponent: RegisterComponentWithWorld: (/Game/Worlds/PoC/Prototype.Prototype:PersistentLevel.DESTROYED_BasicCharacter_C_CHILDACTOR_127.CollisionCylinder) Trying to register component with IsPendingKill() == true. Aborting.
[2019.10.10-21.51.48:718][314]LogActorComponent: RegisterComponentWithWorld: (/Game/Worlds/PoC/Prototype.Prototype:PersistentLevel.DESTROYED_BasicCharacter_C_CHILDACTOR_129.CollisionCylinder) Trying to register component with IsPendingKill() == true. Aborting.
[2019.10.10-21.51.49:161][359]Cmd: OBJ SAVEPACKAGE PACKAGE="/Game/Blueprints/BasicCharacter" FILE="../../../../../../Documents/School/Workshop/Mayday/Mayday/Content/Blueprints/BasicCharacter.uasset" SILENT=true
[2019.10.10-21.51.49:195][359]LogSavePackage: Moving '../../../../../../Documents/School/Workshop/Mayday/Mayday/Saved/BasicCharacter439374B14DADB93AA9D5DCADFF89C945.tmp' to '../../../../../../Documents/School/Workshop/Mayday/Mayday/Content/Blueprints/BasicCharacter.uasset'
[2019.10.10-21.51.57:344][692]LogAIModule: Creating AISystem for world Test
[2019.10.10-21.51.57:348][692]LogAssetEditorManager: Opening Asset editor for World /Game/Worlds/PoC/Test.Test
[2019.10.10-21.51.57:378][692]LogUObjectHash: Compacting FUObjectHashTables data took   3.05ms
[2019.10.10-21.51.59:403][692]LogSlate: Window 'Save Content' being destroyed
[2019.10.10-21.51.59:414][692]Cmd: OBJ SAVEPACKAGE PACKAGE="/Game/Worlds/PoC/Prototype" FILE="../../../../../../Documents/School/Workshop/Mayday/Mayday/Content/Worlds/PoC/Prototype.umap" SILENT=true AUTOSAVING=false KEEPDIRTY=false
[2019.10.10-21.51.59:446][692]LogUObjectHash: Compacting FUObjectHashTables data took   0.66ms
[2019.10.10-21.52.02:616][692]LogSavePackage: Moving '../../../../../../Documents/School/Workshop/Mayday/Mayday/Saved/Prototype759EDBB043089948EA4A69BBB73B0A2A.tmp' to '../../../../../../Documents/School/Workshop/Mayday/Mayday/Content/Worlds/PoC/Prototype.umap'
[2019.10.10-21.52.02:650][692]LogFileHelpers: Saving map 'Prototype' took 3.237
[2019.10.10-21.52.02:651][692]Cmd: MAP LOAD FILE="../../../../../../Documents/School/Workshop/Mayday/Mayday/Content/Worlds/PoC/Test.umap" TEMPLATE=0 SHOWPROGRESS=1 FEATURELEVEL=3
[2019.10.10-21.52.02:651][692]LightingResults: New page: Lighting Build
[2019.10.10-21.52.02:652][692]LoadErrors: New page: Loading map: Test.umap
[2019.10.10-21.52.02:674][692]MapCheck: New page: Map Check
[2019.10.10-21.52.02:674][692]LightingResults: New page: Lighting Build
[2019.10.10-21.52.02:711][692]LogUObjectHash: Compacting FUObjectHashTables data took   2.91ms
[2019.10.10-21.52.02:775][692]LogEditorServer: Finished looking for orphan Actors (0.000 secs)
[2019.10.10-21.52.02:809][692]LogUObjectHash: Compacting FUObjectHashTables data took   1.75ms
[2019.10.10-21.52.02:835][692]Cmd: MAP CHECKDEP NOCLEARLOG
[2019.10.10-21.52.02:835][692]MapCheck: Map check complete: 0 Error(s), 0 Warning(s), took 0.074ms to complete.
[2019.10.10-21.52.02:835][692]LogFileHelpers: Loading map 'Test' took 0.185
[2019.10.10-21.52.03:263][692]LogAIModule: Creating AISystem for world Prototype
[2019.10.10-21.52.06:603][999]LogSlate: FSceneViewport::OnFocusLost() reason 0
[2019.10.10-21.52.06:712][ 12]LogTemp: Repeating last play command: New Editor Window (PIE)
[2019.10.10-21.52.06:730][ 12]LogBlueprintUserMessages: Early PlayInEditor Detection: Level '/Game/Worlds/PoC/Test.Test:PersistentLevel' has LevelScriptBlueprint '/Game/Worlds/PoC/Test.Test:PersistentLevel.Test' with GeneratedClass '/Game/Worlds/PoC/Test.Test_C' with ClassGeneratedBy '/Game/Worlds/PoC/Test.Test:PersistentLevel.Test'
[2019.10.10-21.52.06:730][ 12]LogPlayLevel: PlayLevel: No blueprints needed recompiling
[2019.10.10-21.52.06:730][ 12]PIE: New page: PIE session: Test (Oct 10, 2019, 1:52:06 PM)
[2019.10.10-21.52.06:731][ 12]LogPlayLevel: Creating play world package: /Game/Worlds/PoC/UEDPIE_0_Test
[2019.10.10-21.52.06:733][ 12]LogPlayLevel: PIE: StaticDuplicateObject took: (0.002545s)
[2019.10.10-21.52.06:734][ 12]LogAIModule: Creating AISystem for world Test
[2019.10.10-21.52.06:734][ 12]LogPlayLevel: PIE: World Init took: (0.000528s)
[2019.10.10-21.52.06:734][ 12]LogPlayLevel: PIE: Created PIE world by copying editor world from /Game/Worlds/PoC/Test.Test to /Game/Worlds/PoC/UEDPIE_0_Test.Test (0.003312s)
[2019.10.10-21.52.06:769][ 12]LogUObjectHash: Compacting FUObjectHashTables data took   3.17ms
[2019.10.10-21.52.06:780][ 12]LogInit: XAudio2 using 'Speakers (Realtek High Definition Audio)' : 2 channels at 48 kHz using 32 bits per sample (channel mask 0x3)
[2019.10.10-21.52.06:832][ 12]LogInit: FAudioDevice initialized.
[2019.10.10-21.52.06:842][ 12]LogSlate: Updating window title bar state: overlay mode, drag disabled, window buttons hidden, title bar hidden
[2019.10.10-21.52.06:875][ 12]LogLoad: Game class is 'PrototypeGameMode_C'
[2019.10.10-21.52.06:877][ 12]LogWorld: Bringing World /Game/Worlds/PoC/UEDPIE_0_Test.Test up for play (max tick rate 0) at 2019.10.10-17.52.06
[2019.10.10-21.52.06:877][ 12]LogWorld: Bringing up level for play took: 0.000810
[2019.10.10-21.52.06:893][ 12]PIE: Play in editor start time for /Game/Worlds/PoC/UEDPIE_0_Test 1.055
[2019.10.10-21.52.06:893][ 12]LogBlueprintUserMessages: Late PlayInEditor Detection: Level '/Game/Worlds/PoC/Test.Test:PersistentLevel' has LevelScriptBlueprint '/Game/Worlds/PoC/Test.Test:PersistentLevel.Test' with GeneratedClass '/Game/Worlds/PoC/Test.Test_C' with ClassGeneratedBy '/Game/Worlds/PoC/Test.Test:PersistentLevel.Test'
[2019.10.10-21.52.10:699][427]LogBlueprintUserMessages: Early EndPlayMap Detection: Level '/Game/Worlds/PoC/Test.Test:PersistentLevel' has LevelScriptBlueprint '/Game/Worlds/PoC/Test.Test:PersistentLevel.Test' with GeneratedClass '/Game/Worlds/PoC/Test.Test_C' with ClassGeneratedBy '/Game/Worlds/PoC/Test.Test:PersistentLevel.Test'
[2019.10.10-21.52.10:699][427]LogSlate: Updating window title bar state: overlay mode, drag disabled, window buttons hidden, title bar hidden
[2019.10.10-21.52.10:715][427]LogSlate: Window 'Mayday Game Preview Standalone (64-bit/PCD3D_SM5)' being destroyed
[2019.10.10-21.52.10:753][427]LogPlayLevel: Display: Shutting down PIE online subsystems
[2019.10.10-21.52.10:753][427]LogBlueprintUserMessages: Late EndPlayMap Detection: Level '/Game/Worlds/PoC/Test.Test:PersistentLevel' has LevelScriptBlueprint '/Game/Worlds/PoC/Test.Test:PersistentLevel.Test' with GeneratedClass '/Game/Worlds/PoC/Test.Test_C' with ClassGeneratedBy '/Game/Worlds/PoC/Test.Test:PersistentLevel.Test'
[2019.10.10-21.52.10:800][427]LogUObjectHash: Compacting FUObjectHashTables data took   2.21ms
[2019.10.10-21.52.10:812][428]LogPlayLevel: Display: Destroying online subsystem :Context_7
[2019.10.10-21.52.33:716][974]LogAssetEditorManager: Opening Asset editor for Blueprint /Game/Blueprints/PrototypeGameMode.PrototypeGameMode
[2019.10.10-21.52.34:043][974]LogTabManager: Warning: Cannot spawn tab because no spawner is registered for 'CompilerResults'
[2019.10.10-21.52.39:590][492]LogSlate: Window 'CompilerResults' being destroyed
[2019.10.10-21.52.46:439][109]LogSlate: Window 'PrototypeGameMode' being destroyed
[2019.10.10-21.52.46:447][109]LogSlate: Window 'PrototypeGameMode' being destroyed
[2019.10.10-21.52.47:635][215]LogAssetEditorManager: Opening Asset editor for Blueprint /Game/Blueprints/PrototypeGameMode.PrototypeGameMode
[2019.10.10-21.52.47:956][215]LogTabManager: Warning: Cannot spawn tab because no spawner is registered for 'CompilerResults'
[2019.10.10-21.52.54:435][849]LogSlate: Window 'CompilerResults' being destroyed
[2019.10.10-21.52.54:444][849]LogSlate: Window 'CompilerResults' being destroyed
[2019.10.10-21.53.05:517][ 42]LogSlate: Window 'PrototypeGameMode' being destroyed
[2019.10.10-21.53.05:524][ 42]LogSlate: Window 'PrototypeGameMode' being destroyed
[2019.10.10-21.53.12:407][797]LogTemp: Repeating last play command: New Editor Window (PIE)
[2019.10.10-21.53.12:434][797]LogBlueprintUserMessages: Early PlayInEditor Detection: Level '/Game/Worlds/PoC/Test.Test:PersistentLevel' has LevelScriptBlueprint '/Game/Worlds/PoC/Test.Test:PersistentLevel.Test' with GeneratedClass '/Game/Worlds/PoC/Test.Test_C' with ClassGeneratedBy '/Game/Worlds/PoC/Test.Test:PersistentLevel.Test'
[2019.10.10-21.53.12:434][797]LogPlayLevel: PlayLevel: No blueprints needed recompiling
[2019.10.10-21.53.12:434][797]PIE: New page: PIE session: Test (Oct 10, 2019, 1:53:12 PM)
[2019.10.10-21.53.12:434][797]LogPlayLevel: Creating play world package: /Game/Worlds/PoC/UEDPIE_0_Test
[2019.10.10-21.53.12:436][797]LogPlayLevel: PIE: StaticDuplicateObject took: (0.002496s)
[2019.10.10-21.53.12:437][797]LogAIModule: Creating AISystem for world Test
[2019.10.10-21.53.12:438][797]LogPlayLevel: PIE: World Init took: (0.000920s)
[2019.10.10-21.53.12:438][797]LogPlayLevel: PIE: Created PIE world by copying editor world from /Game/Worlds/PoC/Test.Test to /Game/Worlds/PoC/UEDPIE_0_Test.Test (0.003736s)
[2019.10.10-21.53.12:470][797]LogUObjectHash: Compacting FUObjectHashTables data took   2.75ms
[2019.10.10-21.53.12:480][797]LogInit: XAudio2 using 'Speakers (Realtek High Definition Audio)' : 2 channels at 48 kHz using 32 bits per sample (channel mask 0x3)
[2019.10.10-21.53.12:535][797]LogInit: FAudioDevice initialized.
[2019.10.10-21.53.12:546][797]LogSlate: Updating window title bar state: overlay mode, drag disabled, window buttons hidden, title bar hidden
[2019.10.10-21.53.12:581][797]LogLoad: Game class is 'PrototypeGameMode_C'
[2019.10.10-21.53.12:583][797]LogWorld: Bringing World /Game/Worlds/PoC/UEDPIE_0_Test.Test up for play (max tick rate 0) at 2019.10.10-17.53.12
[2019.10.10-21.53.12:584][797]LogWorld: Bringing up level for play took: 0.000817
[2019.10.10-21.53.12:599][797]PIE: Play in editor start time for /Game/Worlds/PoC/UEDPIE_0_Test 0.761
[2019.10.10-21.53.12:599][797]LogBlueprintUserMessages: Late PlayInEditor Detection: Level '/Game/Worlds/PoC/Test.Test:PersistentLevel' has LevelScriptBlueprint '/Game/Worlds/PoC/Test.Test:PersistentLevel.Test' with GeneratedClass '/Game/Worlds/PoC/Test.Test_C' with ClassGeneratedBy '/Game/Worlds/PoC/Test.Test:PersistentLevel.Test'
[2019.10.10-21.53.25:796][ 88]LogBlueprintUserMessages: Early EndPlayMap Detection: Level '/Game/Worlds/PoC/Test.Test:PersistentLevel' has LevelScriptBlueprint '/Game/Worlds/PoC/Test.Test:PersistentLevel.Test' with GeneratedClass '/Game/Worlds/PoC/Test.Test_C' with ClassGeneratedBy '/Game/Worlds/PoC/Test.Test:PersistentLevel.Test'
[2019.10.10-21.53.25:796][ 88]LogSlate: Updating window title bar state: overlay mode, drag disabled, window buttons hidden, title bar hidden
[2019.10.10-21.53.25:813][ 88]LogSlate: Window 'Mayday Game Preview Standalone (64-bit/PCD3D_SM5)' being destroyed
[2019.10.10-21.53.25:853][ 88]LogPlayLevel: Display: Shutting down PIE online subsystems
[2019.10.10-21.53.25:853][ 88]LogBlueprintUserMessages: Late EndPlayMap Detection: Level '/Game/Worlds/PoC/Test.Test:PersistentLevel' has LevelScriptBlueprint '/Game/Worlds/PoC/Test.Test:PersistentLevel.Test' with GeneratedClass '/Game/Worlds/PoC/Test.Test_C' with ClassGeneratedBy '/Game/Worlds/PoC/Test.Test:PersistentLevel.Test'
[2019.10.10-21.53.25:895][ 88]LogUObjectHash: Compacting FUObjectHashTables data took   1.71ms
[2019.10.10-21.53.25:909][ 89]LogPlayLevel: Display: Destroying online subsystem :Context_10
[2019.10.10-21.53.27:305][235]LogEditorViewport: Clicking on Actor (LMB): PlayerStart (PlayerStart)
[2019.10.10-21.53.30:769][621]LogNavigationPoint: PostEditMove Clear paths rebuilt
[2019.10.10-21.53.32:142][766]LogSlate: FSceneViewport::OnFocusLost() reason 0
[2019.10.10-21.53.32:259][780]LogTemp: Repeating last play command: New Editor Window (PIE)
[2019.10.10-21.53.32:277][780]LogBlueprintUserMessages: Early PlayInEditor Detection: Level '/Game/Worlds/PoC/Test.Test:PersistentLevel' has LevelScriptBlueprint '/Game/Worlds/PoC/Test.Test:PersistentLevel.Test' with GeneratedClass '/Game/Worlds/PoC/Test.Test_C' with ClassGeneratedBy '/Game/Worlds/PoC/Test.Test:PersistentLevel.Test'
[2019.10.10-21.53.32:277][780]LogPlayLevel: PlayLevel: No blueprints needed recompiling
[2019.10.10-21.53.32:277][780]PIE: New page: PIE session: Test (Oct 10, 2019, 1:53:32 PM)
[2019.10.10-21.53.32:277][780]LogPlayLevel: Creating play world package: /Game/Worlds/PoC/UEDPIE_0_Test
[2019.10.10-21.53.32:281][780]LogPlayLevel: PIE: StaticDuplicateObject took: (0.003333s)
[2019.10.10-21.53.32:281][780]LogAIModule: Creating AISystem for world Test
[2019.10.10-21.53.32:282][780]LogPlayLevel: PIE: World Init took: (0.001016s)
[2019.10.10-21.53.32:282][780]LogPlayLevel: PIE: Created PIE world by copying editor world from /Game/Worlds/PoC/Test.Test to /Game/Worlds/PoC/UEDPIE_0_Test.Test (0.004657s)
[2019.10.10-21.53.32:313][780]LogUObjectHash: Compacting FUObjectHashTables data took   1.77ms
[2019.10.10-21.53.32:324][780]LogInit: XAudio2 using 'Speakers (Realtek High Definition Audio)' : 2 channels at 48 kHz using 32 bits per sample (channel mask 0x3)
[2019.10.10-21.53.32:380][780]LogInit: FAudioDevice initialized.
[2019.10.10-21.53.32:390][780]LogSlate: Updating window title bar state: overlay mode, drag disabled, window buttons hidden, title bar hidden
[2019.10.10-21.53.32:426][780]LogLoad: Game class is 'PrototypeGameMode_C'
[2019.10.10-21.53.32:428][780]LogWorld: Bringing World /Game/Worlds/PoC/UEDPIE_0_Test.Test up for play (max tick rate 0) at 2019.10.10-17.53.32
[2019.10.10-21.53.32:428][780]LogWorld: Bringing up level for play took: 0.000795
[2019.10.10-21.53.32:444][780]PIE: Play in editor start time for /Game/Worlds/PoC/UEDPIE_0_Test 0.605
[2019.10.10-21.53.32:444][780]LogBlueprintUserMessages: Late PlayInEditor Detection: Level '/Game/Worlds/PoC/Test.Test:PersistentLevel' has LevelScriptBlueprint '/Game/Worlds/PoC/Test.Test:PersistentLevel.Test' with GeneratedClass '/Game/Worlds/PoC/Test.Test_C' with ClassGeneratedBy '/Game/Worlds/PoC/Test.Test:PersistentLevel.Test'
[2019.10.10-21.53.48:032][305]LogBlueprintUserMessages: Early EndPlayMap Detection: Level '/Game/Worlds/PoC/Test.Test:PersistentLevel' has LevelScriptBlueprint '/Game/Worlds/PoC/Test.Test:PersistentLevel.Test' with GeneratedClass '/Game/Worlds/PoC/Test.Test_C' with ClassGeneratedBy '/Game/Worlds/PoC/Test.Test:PersistentLevel.Test'
[2019.10.10-21.53.48:032][305]LogSlate: Updating window title bar state: overlay mode, drag disabled, window buttons hidden, title bar hidden
[2019.10.10-21.53.48:052][305]LogSlate: Window 'Mayday Game Preview Standalone (64-bit/PCD3D_SM5)' being destroyed
[2019.10.10-21.53.48:088][305]LogPlayLevel: Display: Shutting down PIE online subsystems
[2019.10.10-21.53.48:089][305]LogBlueprintUserMessages: Late EndPlayMap Detection: Level '/Game/Worlds/PoC/Test.Test:PersistentLevel' has LevelScriptBlueprint '/Game/Worlds/PoC/Test.Test:PersistentLevel.Test' with GeneratedClass '/Game/Worlds/PoC/Test.Test_C' with ClassGeneratedBy '/Game/Worlds/PoC/Test.Test:PersistentLevel.Test'
[2019.10.10-21.53.48:132][305]LogUObjectHash: Compacting FUObjectHashTables data took   2.02ms
[2019.10.10-21.53.48:147][306]LogPlayLevel: Display: Destroying online subsystem :Context_11
[2019.10.10-21.54.16:584][546]LogTemp: Repeating last play command: New Editor Window (PIE)
[2019.10.10-21.54.16:602][546]LogBlueprintUserMessages: Early PlayInEditor Detection: Level '/Game/Worlds/PoC/Test.Test:PersistentLevel' has LevelScriptBlueprint '/Game/Worlds/PoC/Test.Test:PersistentLevel.Test' with GeneratedClass '/Game/Worlds/PoC/Test.Test_C' with ClassGeneratedBy '/Game/Worlds/PoC/Test.Test:PersistentLevel.Test'
[2019.10.10-21.54.16:602][546]BlueprintLog: New page: Pre-Play auto-recompile
[2019.10.10-21.54.16:603][546]LogPlayLevel: [PlayLevel] Compiling BasicCharacter before play...
[2019.10.10-21.54.16:791][546]LogActorComponent: RegisterComponentWithWorld: (/Game/Worlds/PoC/Prototype.Prototype:PersistentLevel.DESTROYED_BasicCharacter_C_CHILDACTOR_119.CollisionCylinder) Trying to register component with IsPendingKill() == true. Aborting.
[2019.10.10-21.54.16:799][546]LogActorComponent: RegisterComponentWithWorld: (/Game/Worlds/PoC/Prototype.Prototype:PersistentLevel.DESTROYED_BasicCharacter_C_CHILDACTOR_121.CollisionCylinder) Trying to register component with IsPendingKill() == true. Aborting.
[2019.10.10-21.54.16:836][546]LogUObjectHash: Compacting FUObjectHashTables data took   3.06ms
[2019.10.10-21.54.16:836][546]LogPlayLevel: PlayLevel: Blueprint regeneration took 234 ms (1 blueprints)
[2019.10.10-21.54.16:836][546]PIE: New page: PIE session: Test (Oct 10, 2019, 1:54:16 PM)
[2019.10.10-21.54.16:836][546]LogPlayLevel: Creating play world package: /Game/Worlds/PoC/UEDPIE_0_Test
[2019.10.10-21.54.16:840][546]LogPlayLevel: PIE: StaticDuplicateObject took: (0.003050s)
[2019.10.10-21.54.16:841][546]LogAIModule: Creating AISystem for world Test
[2019.10.10-21.54.16:841][546]LogPlayLevel: PIE: World Init took: (0.001380s)
[2019.10.10-21.54.16:841][546]LogPlayLevel: PIE: Created PIE world by copying editor world from /Game/Worlds/PoC/Test.Test to /Game/Worlds/PoC/UEDPIE_0_Test.Test (0.004749s)
[2019.10.10-21.54.16:868][546]LogUObjectHash: Compacting FUObjectHashTables data took   1.72ms
[2019.10.10-21.54.16:877][546]LogInit: XAudio2 using 'Speakers (Realtek High Definition Audio)' : 2 channels at 48 kHz using 32 bits per sample (channel mask 0x3)
[2019.10.10-21.54.16:932][546]LogInit: FAudioDevice initialized.
[2019.10.10-21.54.16:942][546]LogSlate: Updating window title bar state: overlay mode, drag disabled, window buttons hidden, title bar hidden
[2019.10.10-21.54.16:972][546]LogLoad: Game class is 'PrototypeGameMode_C'
[2019.10.10-21.54.16:974][546]LogWorld: Bringing World /Game/Worlds/PoC/UEDPIE_0_Test.Test up for play (max tick rate 0) at 2019.10.10-17.54.16
[2019.10.10-21.54.16:974][546]LogWorld: Bringing up level for play took: 0.000897
[2019.10.10-21.54.16:990][546]PIE: Play in editor start time for /Game/Worlds/PoC/UEDPIE_0_Test 1.152
[2019.10.10-21.54.16:991][546]LogBlueprintUserMessages: Late PlayInEditor Detection: Level '/Game/Worlds/PoC/Test.Test:PersistentLevel' has LevelScriptBlueprint '/Game/Worlds/PoC/Test.Test:PersistentLevel.Test' with GeneratedClass '/Game/Worlds/PoC/Test.Test_C' with ClassGeneratedBy '/Game/Worlds/PoC/Test.Test:PersistentLevel.Test'
[2019.10.10-21.54.28:977][875]LogBlueprintUserMessages: Early EndPlayMap Detection: Level '/Game/Worlds/PoC/Test.Test:PersistentLevel' has LevelScriptBlueprint '/Game/Worlds/PoC/Test.Test:PersistentLevel.Test' with GeneratedClass '/Game/Worlds/PoC/Test.Test_C' with ClassGeneratedBy '/Game/Worlds/PoC/Test.Test:PersistentLevel.Test'
[2019.10.10-21.54.28:978][875]LogSlate: Updating window title bar state: overlay mode, drag disabled, window buttons hidden, title bar hidden
[2019.10.10-21.54.28:995][875]LogSlate: Window 'Mayday Game Preview Standalone (64-bit/PCD3D_SM5)' being destroyed
[2019.10.10-21.54.29:032][875]LogPlayLevel: Display: Shutting down PIE online subsystems
[2019.10.10-21.54.29:032][875]LogBlueprintUserMessages: Late EndPlayMap Detection: Level '/Game/Worlds/PoC/Test.Test:PersistentLevel' has LevelScriptBlueprint '/Game/Worlds/PoC/Test.Test:PersistentLevel.Test' with GeneratedClass '/Game/Worlds/PoC/Test.Test_C' with ClassGeneratedBy '/Game/Worlds/PoC/Test.Test:PersistentLevel.Test'
[2019.10.10-21.54.29:076][875]LogUObjectHash: Compacting FUObjectHashTables data took   1.75ms
[2019.10.10-21.54.29:093][876]LogPlayLevel: Display: Destroying online subsystem :Context_12
[2019.10.10-21.54.33:902][441]Cmd: OBJ SAVEPACKAGE PACKAGE="/Game/Blueprints/BasicCharacter" FILE="../../../../../../Documents/School/Workshop/Mayday/Mayday/Content/Blueprints/BasicCharacter.uasset" SILENT=true
[2019.10.10-21.54.33:937][441]LogSavePackage: Moving '../../../../../../Documents/School/Workshop/Mayday/Mayday/Saved/BasicCharacterF4E38E874F4A0FFC835F9684C85A00D2.tmp' to '../../../../../../Documents/School/Workshop/Mayday/Mayday/Content/Blueprints/BasicCharacter.uasset'
[2019.10.10-21.55.24:785][817]LogSlate: FSceneViewport::OnFocusLost() reason 2
[2019.10.10-21.55.24:802][817]LogActorComponent: RegisterComponentWithWorld: (/Game/Worlds/PoC/Prototype.Prototype:PersistentLevel.DESTROYED_BasicCharacter_C_CHILDACTOR_123.CollisionCylinder) Trying to register component with IsPendingKill() == true. Aborting.
[2019.10.10-21.55.33:714][303]LogActorComponent: RegisterComponentWithWorld: (/Game/Worlds/PoC/Prototype.Prototype:PersistentLevel.DESTROYED_BasicCharacter_C_CHILDACTOR_125.CollisionCylinder) Trying to register component with IsPendingKill() == true. Aborting.
[2019.10.10-21.56.02:132][235]LogAssetEditorManager: Opening Asset editor for Blueprint /Game/Blueprints/CartChara.CartChara
[2019.10.10-21.56.21:792][391]LogEditorTransaction: Undo Delete current selection
[2019.10.10-21.56.23:096][469]LogEditorTransaction: Undo Delete current selection
[2019.10.10-21.56.23:664][501]LogEditorTransaction: Undo Delete current selection
[2019.10.10-22.01.19:230][620]LogAssetEditorManager: Opening Asset editor for Blueprint /Game/Blueprints/Interface.Interface
[2019.10.10-22.01.42:395][457]BlueprintLog: New page: Compile Interface
[2019.10.10-22.01.42:438][457]LogUObjectHash: Compacting FUObjectHashTables data took   3.75ms
[2019.10.10-22.01.48:712][958]LogSlate: Took 0.028090 seconds to synchronously load lazily loaded font '../../../Engine/Content/Slate/Fonts/Roboto-BoldCondensedItalic.ttf' (160K)
[2019.10.10-22.02.15:622][999]LogSlate: Prevented a slow task dialog from being summoned while a context menu was open
[2019.10.10-22.02.17:504][122]LogActorComponent: RegisterComponentWithWorld: (/Game/Worlds/PoC/Prototype.Prototype:PersistentLevel.DESTROYED_BasicCharacter_C_CHILDACTOR_127.CollisionCylinder) Trying to register component with IsPendingKill() == true. Aborting.
[2019.10.10-22.02.22:085][315]LogSlate: Window 'Message' being destroyed
[2019.10.10-22.02.22:099][315]LogActorComponent: RegisterComponentWithWorld: (/Game/Worlds/PoC/Prototype.Prototype:PersistentLevel.DESTROYED_BasicCharacter_C_CHILDACTOR_129.CollisionCylinder) Trying to register component with IsPendingKill() == true. Aborting.
[2019.10.10-22.02.24:153][438]LogActorComponent: RegisterComponentWithWorld: (/Game/Worlds/PoC/Prototype.Prototype:PersistentLevel.DESTROYED_BasicCharacter_C_CHILDACTOR_131.CollisionCylinder) Trying to register component with IsPendingKill() == true. Aborting.
[2019.10.10-22.03.06:861][238]LogActorComponent: RegisterComponentWithWorld: (/Game/Worlds/PoC/Prototype.Prototype:PersistentLevel.DESTROYED_BasicCharacter_C_CHILDACTOR_133.CollisionCylinder) Trying to register component with IsPendingKill() == true. Aborting.
[2019.10.10-22.03.24:308][  8]Cmd: OBJ SAVEPACKAGE PACKAGE="/Game/Worlds/PoC/Test" FILE="../../../../../../Documents/School/Workshop/Mayday/Mayday/Content/Worlds/PoC/Test.umap" SILENT=true AUTOSAVING=false KEEPDIRTY=false
[2019.10.10-22.03.24:345][  8]LogUObjectHash: Compacting FUObjectHashTables data took   3.07ms
[2019.10.10-22.03.24:579][  8]LogSavePackage: Moving '../../../../../../Documents/School/Workshop/Mayday/Mayday/Saved/Test4F7887604D193C451FE9B1B2018C5A17.tmp' to '../../../../../../Documents/School/Workshop/Mayday/Mayday/Content/Worlds/PoC/Test.umap'
